#
# A fatal error has been detected by the Java Runtime Environment:
#
#  SIGSEGV (0xb) at pc=0x00007fb680800047, pid=72629, tid=72630
#
# JRE version:  (17.0.4.1+7) (build )
# Java VM: OpenJDK 64-Bit Server VM (17.0.4.1+7-b469.62, mixed mode, tiered, compressed oops, compressed class ptrs, g1 gc, linux-amd64)
# Problematic frame:
# C  [libzip.so+0x47]  +0x44
#
# Core dump will be written. Default location: Core dumps may be processed with "/usr/lib/systemd/systemd-coredump %P %u %g %s %t %c %h" (or dumping to /home/emagrina/Documentos/Projects/Audito/core.72629)
#
#

---------------  S U M M A R Y ------------

Command Line: git4idea.http.GitAskPassApp Username for 'https://github.com': 

Host: Intel(R) Core(TM) i5-10300H CPU @ 2.50GHz, 8 cores, 15G, Fedora release 36 (Thirty Six)
Time: Mon Nov 14 00:09:10 2022 CET elapsed time: 0.003284 seconds (0d 0h 0m 0s)

---------------  T H R E A D  ---------------

Current thread (0x00007fb6a40245f0):  JavaThread "Unknown thread" [_thread_in_vm, id=72630, stack(0x00007fb6aa422000,0x00007fb6aa522000)]

Stack: [0x00007fb6aa422000,0x00007fb6aa522000],  sp=0x00007fb6aa51fc18,  free space=1015k
Native frames: (J=compiled Java code, j=interpreted, Vv=VM code, C=native code)
C  [libzip.so+0x47]  +0x44


siginfo: si_signo: 11 (SIGSEGV), si_code: 2 (SEGV_ACCERR), si_addr: 0x00007fb680800000

Registers:
RAX=0x00007fb680800000, RBX=0x00007fb6a417f250, RCX=0x00007fff31602cc8, RDX=0x00007fff31602cc8
RSP=0x00007fb6aa51fc18, RBP=0x0000000000000005, RSI=0x00007fff31602c98, RDI=0x0000000000000005
R8 =0x00007fb6a417f110, R9 =0x00007fb6a4002a00, R10=0x0000000000000000, R11=0xc00f4ee69b5928d1
R12=0x00007fff31602c98, R13=0x00007fff31602cc8, R14=0x00007fb6a417f250, R15=0x0000000000000000
RIP=0x00007fb680800047, EFLAGS=0x0000000000010206, CSGSFS=0x002b000000000033, ERR=0x0000000000000007
  TRAPNO=0x000000000000000e

Top of Stack: (sp=0x00007fb6aa51fc18)
0x00007fb6aa51fc18:   00007fb680801b5d 00007fb6aa8aeab0
0x00007fb6aa51fc28:   00007fb6aa87cf39 fffffffffffffff8
0x00007fb6aa51fc38:   0000000000000005 00007fff31602c98
0x00007fb6aa51fc48:   00007fff31602cc8 00007fb6a417f250 

Instructions: (pc=0x00007fb680800047)
0x00007fb6807fff47:   ?? ?? ?? ?? ?? ?? ?? ?? ?? ?? ?? ?? ?? ?? ?? ??
0x00007fb6807fff57:   ?? ?? ?? ?? ?? ?? ?? ?? ?? ?? ?? ?? ?? ?? ?? ??
0x00007fb6807fff67:   ?? ?? ?? ?? ?? ?? ?? ?? ?? ?? ?? ?? ?? ?? ?? ??
0x00007fb6807fff77:   ?? ?? ?? ?? ?? ?? ?? ?? ?? ?? ?? ?? ?? ?? ?? ??
0x00007fb6807fff87:   ?? ?? ?? ?? ?? ?? ?? ?? ?? ?? ?? ?? ?? ?? ?? ??
0x00007fb6807fff97:   ?? ?? ?? ?? ?? ?? ?? ?? ?? ?? ?? ?? ?? ?? ?? ??
0x00007fb6807fffa7:   ?? ?? ?? ?? ?? ?? ?? ?? ?? ?? ?? ?? ?? ?? ?? ??
0x00007fb6807fffb7:   ?? ?? ?? ?? ?? ?? ?? ?? ?? ?? ?? ?? ?? ?? ?? ??
0x00007fb6807fffc7:   ?? ?? ?? ?? ?? ?? ?? ?? ?? ?? ?? ?? ?? ?? ?? ??
0x00007fb6807fffd7:   ?? ?? ?? ?? ?? ?? ?? ?? ?? ?? ?? ?? ?? ?? ?? ??
0x00007fb6807fffe7:   ?? ?? ?? ?? ?? ?? ?? ?? ?? ?? ?? ?? ?? ?? ?? ??
0x00007fb6807ffff7:   ?? ?? ?? ?? ?? ?? ?? ?? ?? 7f 45 4c 46 02 01 01
0x00007fb680800007:   00 00 00 00 00 00 00 00 00 03 00 3e 00 01 00 00
0x00007fb680800017:   00 80 1e 00 00 00 00 00 00 40 00 00 00 00 00 00
0x00007fb680800027:   00 08 8d 00 00 00 00 00 00 00 00 00 00 40 00 38
0x00007fb680800037:   00 07 00 40 00 1b 00 1a 00 01 00 00 00 05 00 00
0x00007fb680800047:   00 00 00 00 00 00 00 00 00 00 00 00 00 00 00 00
0x00007fb680800057:   00 00 00 00 00 00 00 00 00 f8 6b 00 00 00 00 00
0x00007fb680800067:   00 f8 6b 00 00 00 00 00 00 00 00 20 00 00 00 00
0x00007fb680800077:   00 01 00 00 00 06 00 00 00 f8 6b 00 00 00 00 00
0x00007fb680800087:   00 f8 6b 20 00 00 00 00 00 f8 6b 20 00 00 00 00
0x00007fb680800097:   00 08 04 00 00 00 00 00 00 40 04 00 00 00 00 00
0x00007fb6808000a7:   00 00 00 20 00 00 00 00 00 02 00 00 00 06 00 00
0x00007fb6808000b7:   00 10 6c 00 00 00 00 00 00 10 6c 20 00 00 00 00
0x00007fb6808000c7:   00 10 6c 20 00 00 00 00 00 30 02 00 00 00 00 00
0x00007fb6808000d7:   00 30 02 00 00 00 00 00 00 08 00 00 00 00 00 00
0x00007fb6808000e7:   00 04 00 00 00 04 00 00 00 c8 01 00 00 00 00 00
0x00007fb6808000f7:   00 c8 01 00 00 00 00 00 00 c8 01 00 00 00 00 00
0x00007fb680800107:   00 24 00 00 00 00 00 00 00 24 00 00 00 00 00 00
0x00007fb680800117:   00 04 00 00 00 00 00 00 00 50 e5 74 64 04 00 00
0x00007fb680800127:   00 90 5e 00 00 00 00 00 00 90 5e 00 00 00 00 00
0x00007fb680800137:   00 90 5e 00 00 00 00 00 00 34 02 00 00 00 00 00 



---------------  P R O C E S S  ---------------

Threads class SMR info:
_java_thread_list=0x00007fb6aa161620, length=0, elements={
}

Java Threads: ( => current thread )

Other Threads:
  0x00007fb6a408f0b0 GCTaskThread "GC Thread#0" [stack: 0x00007fb688168000,0x00007fb688268000] [id=72631]
  0x00007fb6a409fd00 ConcurrentGCThread "G1 Main Marker" [stack: 0x00007fb688066000,0x00007fb688166000] [id=72632]
  0x00007fb6a40a0c60 ConcurrentGCThread "G1 Conc#0" [stack: 0x00007fb683f00000,0x00007fb684000000] [id=72633]
  0x00007fb6a4154db0 ConcurrentGCThread "G1 Refine#0" [stack: 0x00007fb6815f6000,0x00007fb6816f6000] [id=72634]
  0x00007fb6a4155ca0 ConcurrentGCThread "G1 Service" [stack: 0x00007fb6814f4000,0x00007fb6815f4000] [id=72635]

=>0x00007fb6a40245f0 (exited) JavaThread "Unknown thread" [_thread_in_vm, id=72630, stack(0x00007fb6aa422000,0x00007fb6aa522000)]

Threads with active compile tasks:

VM state: not at safepoint (not fully initialized)

VM Mutex/Monitor currently owned by a thread: None

Heap address: 0x0000000709a00000, size: 3942 MB, Compressed Oops mode: Zero based, Oop shift amount: 3

CDS archive(s) not mapped
Compressed class space mapped at: 0x0000000800000000-0x0000000840000000, reserved size: 1073741824
Narrow klass base: 0x0000000800000000, Narrow klass shift: 0, Narrow klass range: 0x40000000

GC Precious Log:
 CPUs: 8 total, 8 available
 Memory: 15766M
 Large Page Support: Disabled
 NUMA Support: Disabled
 Compressed Oops: Enabled (Zero based)
 Heap Region Size: 2M
 Heap Min Capacity: 8M
 Heap Initial Capacity: 248M
 Heap Max Capacity: 3942M
 Pre-touch: Disabled
 Parallel Workers: 8
 Concurrent Workers: 2
 Concurrent Refinement Workers: 8
 Periodic GC: Disabled

Heap:
 garbage-first heap   total 253952K, used 0K [0x0000000709a00000, 0x0000000800000000)
  region size 2048K, 0 young (0K), 0 survivors (0K)
 Metaspace       used 4K, committed 128K, reserved 1056768K
  class space    used 4K, committed 64K, reserved 1048576K

Heap Regions: E=young(eden), S=young(survivor), O=old, HS=humongous(starts), HC=humongous(continues), CS=collection set, F=free, OA=open archive, CA=closed archive, TAMS=top-at-mark-start (previous, next)
|   0|0x0000000709a00000, 0x0000000709a00000, 0x0000000709c00000|  0%| F|  |TAMS 0x0000000709a00000, 0x0000000709a00000| Untracked 
|   1|0x0000000709c00000, 0x0000000709c00000, 0x0000000709e00000|  0%| F|  |TAMS 0x0000000709c00000, 0x0000000709c00000| Untracked 
|   2|0x0000000709e00000, 0x0000000709e00000, 0x000000070a000000|  0%| F|  |TAMS 0x0000000709e00000, 0x0000000709e00000| Untracked 
|   3|0x000000070a000000, 0x000000070a000000, 0x000000070a200000|  0%| F|  |TAMS 0x000000070a000000, 0x000000070a000000| Untracked 
|   4|0x000000070a200000, 0x000000070a200000, 0x000000070a400000|  0%| F|  |TAMS 0x000000070a200000, 0x000000070a200000| Untracked 
|   5|0x000000070a400000, 0x000000070a400000, 0x000000070a600000|  0%| F|  |TAMS 0x000000070a400000, 0x000000070a400000| Untracked 
|   6|0x000000070a600000, 0x000000070a600000, 0x000000070a800000|  0%| F|  |TAMS 0x000000070a600000, 0x000000070a600000| Untracked 
|   7|0x000000070a800000, 0x000000070a800000, 0x000000070aa00000|  0%| F|  |TAMS 0x000000070a800000, 0x000000070a800000| Untracked 
|   8|0x000000070aa00000, 0x000000070aa00000, 0x000000070ac00000|  0%| F|  |TAMS 0x000000070aa00000, 0x000000070aa00000| Untracked 
|   9|0x000000070ac00000, 0x000000070ac00000, 0x000000070ae00000|  0%| F|  |TAMS 0x000000070ac00000, 0x000000070ac00000| Untracked 
|  10|0x000000070ae00000, 0x000000070ae00000, 0x000000070b000000|  0%| F|  |TAMS 0x000000070ae00000, 0x000000070ae00000| Untracked 
|  11|0x000000070b000000, 0x000000070b000000, 0x000000070b200000|  0%| F|  |TAMS 0x000000070b000000, 0x000000070b000000| Untracked 
|  12|0x000000070b200000, 0x000000070b200000, 0x000000070b400000|  0%| F|  |TAMS 0x000000070b200000, 0x000000070b200000| Untracked 
|  13|0x000000070b400000, 0x000000070b400000, 0x000000070b600000|  0%| F|  |TAMS 0x000000070b400000, 0x000000070b400000| Untracked 
|  14|0x000000070b600000, 0x000000070b600000, 0x000000070b800000|  0%| F|  |TAMS 0x000000070b600000, 0x000000070b600000| Untracked 
|  15|0x000000070b800000, 0x000000070b800000, 0x000000070ba00000|  0%| F|  |TAMS 0x000000070b800000, 0x000000070b800000| Untracked 
|  16|0x000000070ba00000, 0x000000070ba00000, 0x000000070bc00000|  0%| F|  |TAMS 0x000000070ba00000, 0x000000070ba00000| Untracked 
|  17|0x000000070bc00000, 0x000000070bc00000, 0x000000070be00000|  0%| F|  |TAMS 0x000000070bc00000, 0x000000070bc00000| Untracked 
|  18|0x000000070be00000, 0x000000070be00000, 0x000000070c000000|  0%| F|  |TAMS 0x000000070be00000, 0x000000070be00000| Untracked 
|  19|0x000000070c000000, 0x000000070c000000, 0x000000070c200000|  0%| F|  |TAMS 0x000000070c000000, 0x000000070c000000| Untracked 
|  20|0x000000070c200000, 0x000000070c200000, 0x000000070c400000|  0%| F|  |TAMS 0x000000070c200000, 0x000000070c200000| Untracked 
|  21|0x000000070c400000, 0x000000070c400000, 0x000000070c600000|  0%| F|  |TAMS 0x000000070c400000, 0x000000070c400000| Untracked 
|  22|0x000000070c600000, 0x000000070c600000, 0x000000070c800000|  0%| F|  |TAMS 0x000000070c600000, 0x000000070c600000| Untracked 
|  23|0x000000070c800000, 0x000000070c800000, 0x000000070ca00000|  0%| F|  |TAMS 0x000000070c800000, 0x000000070c800000| Untracked 
|  24|0x000000070ca00000, 0x000000070ca00000, 0x000000070cc00000|  0%| F|  |TAMS 0x000000070ca00000, 0x000000070ca00000| Untracked 
|  25|0x000000070cc00000, 0x000000070cc00000, 0x000000070ce00000|  0%| F|  |TAMS 0x000000070cc00000, 0x000000070cc00000| Untracked 
|  26|0x000000070ce00000, 0x000000070ce00000, 0x000000070d000000|  0%| F|  |TAMS 0x000000070ce00000, 0x000000070ce00000| Untracked 
|  27|0x000000070d000000, 0x000000070d000000, 0x000000070d200000|  0%| F|  |TAMS 0x000000070d000000, 0x000000070d000000| Untracked 
|  28|0x000000070d200000, 0x000000070d200000, 0x000000070d400000|  0%| F|  |TAMS 0x000000070d200000, 0x000000070d200000| Untracked 
|  29|0x000000070d400000, 0x000000070d400000, 0x000000070d600000|  0%| F|  |TAMS 0x000000070d400000, 0x000000070d400000| Untracked 
|  30|0x000000070d600000, 0x000000070d600000, 0x000000070d800000|  0%| F|  |TAMS 0x000000070d600000, 0x000000070d600000| Untracked 
|  31|0x000000070d800000, 0x000000070d800000, 0x000000070da00000|  0%| F|  |TAMS 0x000000070d800000, 0x000000070d800000| Untracked 
|  32|0x000000070da00000, 0x000000070da00000, 0x000000070dc00000|  0%| F|  |TAMS 0x000000070da00000, 0x000000070da00000| Untracked 
|  33|0x000000070dc00000, 0x000000070dc00000, 0x000000070de00000|  0%| F|  |TAMS 0x000000070dc00000, 0x000000070dc00000| Untracked 
|  34|0x000000070de00000, 0x000000070de00000, 0x000000070e000000|  0%| F|  |TAMS 0x000000070de00000, 0x000000070de00000| Untracked 
|  35|0x000000070e000000, 0x000000070e000000, 0x000000070e200000|  0%| F|  |TAMS 0x000000070e000000, 0x000000070e000000| Untracked 
|  36|0x000000070e200000, 0x000000070e200000, 0x000000070e400000|  0%| F|  |TAMS 0x000000070e200000, 0x000000070e200000| Untracked 
|  37|0x000000070e400000, 0x000000070e400000, 0x000000070e600000|  0%| F|  |TAMS 0x000000070e400000, 0x000000070e400000| Untracked 
|  38|0x000000070e600000, 0x000000070e600000, 0x000000070e800000|  0%| F|  |TAMS 0x000000070e600000, 0x000000070e600000| Untracked 
|  39|0x000000070e800000, 0x000000070e800000, 0x000000070ea00000|  0%| F|  |TAMS 0x000000070e800000, 0x000000070e800000| Untracked 
|  40|0x000000070ea00000, 0x000000070ea00000, 0x000000070ec00000|  0%| F|  |TAMS 0x000000070ea00000, 0x000000070ea00000| Untracked 
|  41|0x000000070ec00000, 0x000000070ec00000, 0x000000070ee00000|  0%| F|  |TAMS 0x000000070ec00000, 0x000000070ec00000| Untracked 
|  42|0x000000070ee00000, 0x000000070ee00000, 0x000000070f000000|  0%| F|  |TAMS 0x000000070ee00000, 0x000000070ee00000| Untracked 
|  43|0x000000070f000000, 0x000000070f000000, 0x000000070f200000|  0%| F|  |TAMS 0x000000070f000000, 0x000000070f000000| Untracked 
|  44|0x000000070f200000, 0x000000070f200000, 0x000000070f400000|  0%| F|  |TAMS 0x000000070f200000, 0x000000070f200000| Untracked 
|  45|0x000000070f400000, 0x000000070f400000, 0x000000070f600000|  0%| F|  |TAMS 0x000000070f400000, 0x000000070f400000| Untracked 
|  46|0x000000070f600000, 0x000000070f600000, 0x000000070f800000|  0%| F|  |TAMS 0x000000070f600000, 0x000000070f600000| Untracked 
|  47|0x000000070f800000, 0x000000070f800000, 0x000000070fa00000|  0%| F|  |TAMS 0x000000070f800000, 0x000000070f800000| Untracked 
|  48|0x000000070fa00000, 0x000000070fa00000, 0x000000070fc00000|  0%| F|  |TAMS 0x000000070fa00000, 0x000000070fa00000| Untracked 
|  49|0x000000070fc00000, 0x000000070fc00000, 0x000000070fe00000|  0%| F|  |TAMS 0x000000070fc00000, 0x000000070fc00000| Untracked 
|  50|0x000000070fe00000, 0x000000070fe00000, 0x0000000710000000|  0%| F|  |TAMS 0x000000070fe00000, 0x000000070fe00000| Untracked 
|  51|0x0000000710000000, 0x0000000710000000, 0x0000000710200000|  0%| F|  |TAMS 0x0000000710000000, 0x0000000710000000| Untracked 
|  52|0x0000000710200000, 0x0000000710200000, 0x0000000710400000|  0%| F|  |TAMS 0x0000000710200000, 0x0000000710200000| Untracked 
|  53|0x0000000710400000, 0x0000000710400000, 0x0000000710600000|  0%| F|  |TAMS 0x0000000710400000, 0x0000000710400000| Untracked 
|  54|0x0000000710600000, 0x0000000710600000, 0x0000000710800000|  0%| F|  |TAMS 0x0000000710600000, 0x0000000710600000| Untracked 
|  55|0x0000000710800000, 0x0000000710800000, 0x0000000710a00000|  0%| F|  |TAMS 0x0000000710800000, 0x0000000710800000| Untracked 
|  56|0x0000000710a00000, 0x0000000710a00000, 0x0000000710c00000|  0%| F|  |TAMS 0x0000000710a00000, 0x0000000710a00000| Untracked 
|  57|0x0000000710c00000, 0x0000000710c00000, 0x0000000710e00000|  0%| F|  |TAMS 0x0000000710c00000, 0x0000000710c00000| Untracked 
|  58|0x0000000710e00000, 0x0000000710e00000, 0x0000000711000000|  0%| F|  |TAMS 0x0000000710e00000, 0x0000000710e00000| Untracked 
|  59|0x0000000711000000, 0x0000000711000000, 0x0000000711200000|  0%| F|  |TAMS 0x0000000711000000, 0x0000000711000000| Untracked 
|  60|0x0000000711200000, 0x0000000711200000, 0x0000000711400000|  0%| F|  |TAMS 0x0000000711200000, 0x0000000711200000| Untracked 
|  61|0x0000000711400000, 0x0000000711400000, 0x0000000711600000|  0%| F|  |TAMS 0x0000000711400000, 0x0000000711400000| Untracked 
|  62|0x0000000711600000, 0x0000000711600000, 0x0000000711800000|  0%| F|  |TAMS 0x0000000711600000, 0x0000000711600000| Untracked 
|  63|0x0000000711800000, 0x0000000711800000, 0x0000000711a00000|  0%| F|  |TAMS 0x0000000711800000, 0x0000000711800000| Untracked 
|  64|0x0000000711a00000, 0x0000000711a00000, 0x0000000711c00000|  0%| F|  |TAMS 0x0000000711a00000, 0x0000000711a00000| Untracked 
|  65|0x0000000711c00000, 0x0000000711c00000, 0x0000000711e00000|  0%| F|  |TAMS 0x0000000711c00000, 0x0000000711c00000| Untracked 
|  66|0x0000000711e00000, 0x0000000711e00000, 0x0000000712000000|  0%| F|  |TAMS 0x0000000711e00000, 0x0000000711e00000| Untracked 
|  67|0x0000000712000000, 0x0000000712000000, 0x0000000712200000|  0%| F|  |TAMS 0x0000000712000000, 0x0000000712000000| Untracked 
|  68|0x0000000712200000, 0x0000000712200000, 0x0000000712400000|  0%| F|  |TAMS 0x0000000712200000, 0x0000000712200000| Untracked 
|  69|0x0000000712400000, 0x0000000712400000, 0x0000000712600000|  0%| F|  |TAMS 0x0000000712400000, 0x0000000712400000| Untracked 
|  70|0x0000000712600000, 0x0000000712600000, 0x0000000712800000|  0%| F|  |TAMS 0x0000000712600000, 0x0000000712600000| Untracked 
|  71|0x0000000712800000, 0x0000000712800000, 0x0000000712a00000|  0%| F|  |TAMS 0x0000000712800000, 0x0000000712800000| Untracked 
|  72|0x0000000712a00000, 0x0000000712a00000, 0x0000000712c00000|  0%| F|  |TAMS 0x0000000712a00000, 0x0000000712a00000| Untracked 
|  73|0x0000000712c00000, 0x0000000712c00000, 0x0000000712e00000|  0%| F|  |TAMS 0x0000000712c00000, 0x0000000712c00000| Untracked 
|  74|0x0000000712e00000, 0x0000000712e00000, 0x0000000713000000|  0%| F|  |TAMS 0x0000000712e00000, 0x0000000712e00000| Untracked 
|  75|0x0000000713000000, 0x0000000713000000, 0x0000000713200000|  0%| F|  |TAMS 0x0000000713000000, 0x0000000713000000| Untracked 
|  76|0x0000000713200000, 0x0000000713200000, 0x0000000713400000|  0%| F|  |TAMS 0x0000000713200000, 0x0000000713200000| Untracked 
|  77|0x0000000713400000, 0x0000000713400000, 0x0000000713600000|  0%| F|  |TAMS 0x0000000713400000, 0x0000000713400000| Untracked 
|  78|0x0000000713600000, 0x0000000713600000, 0x0000000713800000|  0%| F|  |TAMS 0x0000000713600000, 0x0000000713600000| Untracked 
|  79|0x0000000713800000, 0x0000000713800000, 0x0000000713a00000|  0%| F|  |TAMS 0x0000000713800000, 0x0000000713800000| Untracked 
|  80|0x0000000713a00000, 0x0000000713a00000, 0x0000000713c00000|  0%| F|  |TAMS 0x0000000713a00000, 0x0000000713a00000| Untracked 
|  81|0x0000000713c00000, 0x0000000713c00000, 0x0000000713e00000|  0%| F|  |TAMS 0x0000000713c00000, 0x0000000713c00000| Untracked 
|  82|0x0000000713e00000, 0x0000000713e00000, 0x0000000714000000|  0%| F|  |TAMS 0x0000000713e00000, 0x0000000713e00000| Untracked 
|  83|0x0000000714000000, 0x0000000714000000, 0x0000000714200000|  0%| F|  |TAMS 0x0000000714000000, 0x0000000714000000| Untracked 
|  84|0x0000000714200000, 0x0000000714200000, 0x0000000714400000|  0%| F|  |TAMS 0x0000000714200000, 0x0000000714200000| Untracked 
|  85|0x0000000714400000, 0x0000000714400000, 0x0000000714600000|  0%| F|  |TAMS 0x0000000714400000, 0x0000000714400000| Untracked 
|  86|0x0000000714600000, 0x0000000714600000, 0x0000000714800000|  0%| F|  |TAMS 0x0000000714600000, 0x0000000714600000| Untracked 
|  87|0x0000000714800000, 0x0000000714800000, 0x0000000714a00000|  0%| F|  |TAMS 0x0000000714800000, 0x0000000714800000| Untracked 
|  88|0x0000000714a00000, 0x0000000714a00000, 0x0000000714c00000|  0%| F|  |TAMS 0x0000000714a00000, 0x0000000714a00000| Untracked 
|  89|0x0000000714c00000, 0x0000000714c00000, 0x0000000714e00000|  0%| F|  |TAMS 0x0000000714c00000, 0x0000000714c00000| Untracked 
|  90|0x0000000714e00000, 0x0000000714e00000, 0x0000000715000000|  0%| F|  |TAMS 0x0000000714e00000, 0x0000000714e00000| Untracked 
|  91|0x0000000715000000, 0x0000000715000000, 0x0000000715200000|  0%| F|  |TAMS 0x0000000715000000, 0x0000000715000000| Untracked 
|  92|0x0000000715200000, 0x0000000715200000, 0x0000000715400000|  0%| F|  |TAMS 0x0000000715200000, 0x0000000715200000| Untracked 
|  93|0x0000000715400000, 0x0000000715400000, 0x0000000715600000|  0%| F|  |TAMS 0x0000000715400000, 0x0000000715400000| Untracked 
|  94|0x0000000715600000, 0x0000000715600000, 0x0000000715800000|  0%| F|  |TAMS 0x0000000715600000, 0x0000000715600000| Untracked 
|  95|0x0000000715800000, 0x0000000715800000, 0x0000000715a00000|  0%| F|  |TAMS 0x0000000715800000, 0x0000000715800000| Untracked 
|  96|0x0000000715a00000, 0x0000000715a00000, 0x0000000715c00000|  0%| F|  |TAMS 0x0000000715a00000, 0x0000000715a00000| Untracked 
|  97|0x0000000715c00000, 0x0000000715c00000, 0x0000000715e00000|  0%| F|  |TAMS 0x0000000715c00000, 0x0000000715c00000| Untracked 
|  98|0x0000000715e00000, 0x0000000715e00000, 0x0000000716000000|  0%| F|  |TAMS 0x0000000715e00000, 0x0000000715e00000| Untracked 
|  99|0x0000000716000000, 0x0000000716000000, 0x0000000716200000|  0%| F|  |TAMS 0x0000000716000000, 0x0000000716000000| Untracked 
| 100|0x0000000716200000, 0x0000000716200000, 0x0000000716400000|  0%| F|  |TAMS 0x0000000716200000, 0x0000000716200000| Untracked 
| 101|0x0000000716400000, 0x0000000716400000, 0x0000000716600000|  0%| F|  |TAMS 0x0000000716400000, 0x0000000716400000| Untracked 
| 102|0x0000000716600000, 0x0000000716600000, 0x0000000716800000|  0%| F|  |TAMS 0x0000000716600000, 0x0000000716600000| Untracked 
| 103|0x0000000716800000, 0x0000000716800000, 0x0000000716a00000|  0%| F|  |TAMS 0x0000000716800000, 0x0000000716800000| Untracked 
| 104|0x0000000716a00000, 0x0000000716a00000, 0x0000000716c00000|  0%| F|  |TAMS 0x0000000716a00000, 0x0000000716a00000| Untracked 
| 105|0x0000000716c00000, 0x0000000716c00000, 0x0000000716e00000|  0%| F|  |TAMS 0x0000000716c00000, 0x0000000716c00000| Untracked 
| 106|0x0000000716e00000, 0x0000000716e00000, 0x0000000717000000|  0%| F|  |TAMS 0x0000000716e00000, 0x0000000716e00000| Untracked 
| 107|0x0000000717000000, 0x0000000717000000, 0x0000000717200000|  0%| F|  |TAMS 0x0000000717000000, 0x0000000717000000| Untracked 
| 108|0x0000000717200000, 0x0000000717200000, 0x0000000717400000|  0%| F|  |TAMS 0x0000000717200000, 0x0000000717200000| Untracked 
| 109|0x0000000717400000, 0x0000000717400000, 0x0000000717600000|  0%| F|  |TAMS 0x0000000717400000, 0x0000000717400000| Untracked 
| 110|0x0000000717600000, 0x0000000717600000, 0x0000000717800000|  0%| F|  |TAMS 0x0000000717600000, 0x0000000717600000| Untracked 
| 111|0x0000000717800000, 0x0000000717800000, 0x0000000717a00000|  0%| F|  |TAMS 0x0000000717800000, 0x0000000717800000| Untracked 
| 112|0x0000000717a00000, 0x0000000717a00000, 0x0000000717c00000|  0%| F|  |TAMS 0x0000000717a00000, 0x0000000717a00000| Untracked 
| 113|0x0000000717c00000, 0x0000000717c00000, 0x0000000717e00000|  0%| F|  |TAMS 0x0000000717c00000, 0x0000000717c00000| Untracked 
| 114|0x0000000717e00000, 0x0000000717e00000, 0x0000000718000000|  0%| F|  |TAMS 0x0000000717e00000, 0x0000000717e00000| Untracked 
| 115|0x0000000718000000, 0x0000000718000000, 0x0000000718200000|  0%| F|  |TAMS 0x0000000718000000, 0x0000000718000000| Untracked 
| 116|0x0000000718200000, 0x0000000718200000, 0x0000000718400000|  0%| F|  |TAMS 0x0000000718200000, 0x0000000718200000| Untracked 
| 117|0x0000000718400000, 0x0000000718400000, 0x0000000718600000|  0%| F|  |TAMS 0x0000000718400000, 0x0000000718400000| Untracked 
| 118|0x0000000718600000, 0x0000000718600000, 0x0000000718800000|  0%| F|  |TAMS 0x0000000718600000, 0x0000000718600000| Untracked 
| 119|0x0000000718800000, 0x0000000718800000, 0x0000000718a00000|  0%| F|  |TAMS 0x0000000718800000, 0x0000000718800000| Untracked 
| 120|0x0000000718a00000, 0x0000000718a00000, 0x0000000718c00000|  0%| F|  |TAMS 0x0000000718a00000, 0x0000000718a00000| Untracked 
| 121|0x0000000718c00000, 0x0000000718c00000, 0x0000000718e00000|  0%| F|  |TAMS 0x0000000718c00000, 0x0000000718c00000| Untracked 
| 122|0x0000000718e00000, 0x0000000718e00000, 0x0000000719000000|  0%| F|  |TAMS 0x0000000718e00000, 0x0000000718e00000| Untracked 
| 123|0x0000000719000000, 0x0000000719000000, 0x0000000719200000|  0%| F|  |TAMS 0x0000000719000000, 0x0000000719000000| Untracked 

Card table byte_map: [0x00007fb69054b000,0x00007fb690cfe000] _byte_map_base: 0x00007fb68ccfe000

Marking Bits (Prev, Next): (CMBitMap*) 0x00007fb6a408fb30, (CMBitMap*) 0x00007fb6a408fb70
 Prev Bits: [0x00007fb68c000000, 0x00007fb68fd98000)
 Next Bits: [0x00007fb688268000, 0x00007fb68c000000)

GC Heap History (0 events):
No events

Deoptimization events (0 events):
No events

Classes unloaded (0 events):
No events

Classes redefined (0 events):
No events

Internal exceptions (0 events):
No events

VM Operations (0 events):
No events

Events (3 events):
Event: 0.001 Protecting memory [0x00007fb6aa422000,0x00007fb6aa426000] with protection modes 0
Event: 0.001 Loaded shared library /var/lib/snapd/snap/webstorm/281/jbr/lib/libjava.so
Event: 0.003 loading class java/lang/Object


Dynamic libraries:
709a00000-719200000 rw-p 00000000 00:00 0 
719200000-800040000 ---p 00000000 00:00 0 
800040000-800050000 rw-p 00000000 00:00 0 
800050000-840000000 ---p 00000000 00:00 0 
55e2c2400000-55e2c2401000 r-xp 00000000 07:08 34                         /var/lib/snapd/snap/webstorm/281/jbr/bin/java
55e2c2601000-55e2c2602000 r--p 00001000 07:08 34                         /var/lib/snapd/snap/webstorm/281/jbr/bin/java
55e2c2602000-55e2c2603000 rw-p 00002000 07:08 34                         /var/lib/snapd/snap/webstorm/281/jbr/bin/java
55e2c44e4000-55e2c452c000 rw-p 00000000 00:00 0                          [heap]
7fb670000000-7fb670021000 rw-p 00000000 00:00 0 
7fb670021000-7fb674000000 ---p 00000000 00:00 0 
7fb674000000-7fb674021000 rw-p 00000000 00:00 0 
7fb674021000-7fb678000000 ---p 00000000 00:00 0 
7fb678000000-7fb678021000 rw-p 00000000 00:00 0 
7fb678021000-7fb67c000000 ---p 00000000 00:00 0 
7fb67c000000-7fb67c021000 rw-p 00000000 00:00 0 
7fb67c021000-7fb680000000 ---p 00000000 00:00 0 
7fb680800000-7fb680807000 r-xp 00000000 07:08 438                        /var/lib/snapd/snap/webstorm/281/jbr/lib/libzip.so
7fb680807000-7fb680a06000 ---p 00007000 07:08 438                        /var/lib/snapd/snap/webstorm/281/jbr/lib/libzip.so
7fb680a06000-7fb680a07000 r--p 00006000 07:08 438                        /var/lib/snapd/snap/webstorm/281/jbr/lib/libzip.so
7fb680a07000-7fb680a08000 rw-p 00000000 00:00 0 
7fb680c00000-7fb680c10000 rw-p 00000000 00:00 0 
7fb680c10000-7fb681400000 ---p 00000000 00:00 0 
7fb6814f2000-7fb6814f3000 ---p 00000000 00:00 0 
7fb6814f3000-7fb6815f4000 rw-p 00000000 00:00 0 
7fb6815f4000-7fb6815f5000 ---p 00000000 00:00 0 
7fb6815f5000-7fb683efe000 rw-p 00000000 00:00 0 
7fb683efe000-7fb683eff000 ---p 00000000 00:00 0 
7fb683eff000-7fb684000000 rw-p 00000000 00:00 0 
7fb684000000-7fb684021000 rw-p 00000000 00:00 0 
7fb684021000-7fb688000000 ---p 00000000 00:00 0 
7fb688064000-7fb688065000 ---p 00000000 00:00 0 
7fb688065000-7fb688166000 rw-p 00000000 00:00 0 
7fb688166000-7fb688167000 ---p 00000000 00:00 0 
7fb688167000-7fb688648000 rw-p 00000000 00:00 0 
7fb688648000-7fb68c000000 ---p 00000000 00:00 0 
7fb68c000000-7fb68c3e0000 rw-p 00000000 00:00 0 
7fb68c3e0000-7fb68fd98000 ---p 00000000 00:00 0 
7fb68fd98000-7fb68fe14000 rw-p 00000000 00:00 0 
7fb68fe14000-7fb69054b000 ---p 00000000 00:00 0 
7fb69054b000-7fb6905c7000 rw-p 00000000 00:00 0 
7fb6905c7000-7fb690cfe000 ---p 00000000 00:00 0 
7fb690cfe000-7fb690d7a000 rw-p 00000000 00:00 0 
7fb690d7a000-7fb6914b1000 ---p 00000000 00:00 0 
7fb6914b1000-7fb6918b5000 rw-p 00000000 00:00 0 
7fb6918b5000-7fb691b25000 rwxp 00000000 00:00 0 
7fb691b25000-7fb691e47000 ---p 00000000 00:00 0 
7fb691e47000-7fb6920b7000 rwxp 00000000 00:00 0 
7fb6920b7000-7fb69937e000 ---p 00000000 00:00 0 
7fb69937e000-7fb6995ee000 rwxp 00000000 00:00 0 
7fb6995ee000-7fb6a08b5000 ---p 00000000 00:00 0 
7fb6a08b5000-7fb6a4000000 r--s 00000000 07:08 493                        /var/lib/snapd/snap/webstorm/281/jbr/lib/modules
7fb6a4000000-7fb6a4181000 rw-p 00000000 00:00 0 
7fb6a4181000-7fb6a8000000 ---p 00000000 00:00 0 
7fb6a807c000-7fb6a8400000 rw-p 00000000 00:00 0 
7fb6a8400000-7fb6a8423000 r-xp 00000000 07:08 406                        /var/lib/snapd/snap/webstorm/281/jbr/lib/libjava.so
7fb6a8423000-7fb6a8623000 ---p 00023000 07:08 406                        /var/lib/snapd/snap/webstorm/281/jbr/lib/libjava.so
7fb6a8623000-7fb6a8624000 r--p 00023000 07:08 406                        /var/lib/snapd/snap/webstorm/281/jbr/lib/libjava.so
7fb6a8624000-7fb6a8625000 rw-p 00024000 07:08 406                        /var/lib/snapd/snap/webstorm/281/jbr/lib/libjava.so
7fb6a8625000-7fb6a8626000 rw-p 00000000 00:00 0 
7fb6a8663000-7fb6a8800000 rw-p 00000000 00:00 0 
7fb6a8800000-7fb6a881b000 r-xp 00000000 07:08 412                        /var/lib/snapd/snap/webstorm/281/jbr/lib/libjimage.so
7fb6a881b000-7fb6a8a1a000 ---p 0001b000 07:08 412                        /var/lib/snapd/snap/webstorm/281/jbr/lib/libjimage.so
7fb6a8a1a000-7fb6a8a1c000 r--p 0001a000 07:08 412                        /var/lib/snapd/snap/webstorm/281/jbr/lib/libjimage.so
7fb6a8a1c000-7fb6a8a1d000 rw-p 0001c000 07:08 412                        /var/lib/snapd/snap/webstorm/281/jbr/lib/libjimage.so
7fb6a8a2a000-7fb6a8a2f000 rw-p 00000000 00:00 0 
7fb6a8a2f000-7fb6a8b15000 ---p 00000000 00:00 0 
7fb6a8b15000-7fb6a8b1a000 rw-p 00000000 00:00 0 
7fb6a8b1a000-7fb6a8c00000 ---p 00000000 00:00 0 
7fb6a8c00000-7fb6a9e25000 r-xp 00000000 07:08 504                        /var/lib/snapd/snap/webstorm/281/jbr/lib/server/libjvm.so
7fb6a9e25000-7fb6aa024000 ---p 01225000 07:08 504                        /var/lib/snapd/snap/webstorm/281/jbr/lib/server/libjvm.so
7fb6aa024000-7fb6aa0dd000 r--p 01224000 07:08 504                        /var/lib/snapd/snap/webstorm/281/jbr/lib/server/libjvm.so
7fb6aa0dd000-7fb6aa112000 rw-p 012dd000 07:08 504                        /var/lib/snapd/snap/webstorm/281/jbr/lib/server/libjvm.so
7fb6aa112000-7fb6aa16c000 rw-p 00000000 00:00 0 
7fb6aa180000-7fb6aa200000 rw-p 00000000 00:00 0 
7fb6aa200000-7fb6aa228000 r--p 00000000 00:1f 644331                     /usr/lib64/libc.so.6
7fb6aa228000-7fb6aa39c000 r-xp 00028000 00:1f 644331                     /usr/lib64/libc.so.6
7fb6aa39c000-7fb6aa3f4000 r--p 0019c000 00:1f 644331                     /usr/lib64/libc.so.6
7fb6aa3f4000-7fb6aa3f8000 r--p 001f3000 00:1f 644331                     /usr/lib64/libc.so.6
7fb6aa3f8000-7fb6aa3fa000 rw-p 001f7000 00:1f 644331                     /usr/lib64/libc.so.6
7fb6aa3fa000-7fb6aa402000 rw-p 00000000 00:00 0 
7fb6aa422000-7fb6aa426000 ---p 00000000 00:00 0 
7fb6aa426000-7fb6aa522000 rw-p 00000000 00:00 0 
7fb6aa522000-7fb6aa530000 r--p 00000000 00:1f 644334                     /usr/lib64/libm.so.6
7fb6aa530000-7fb6aa5a2000 r-xp 0000e000 00:1f 644334                     /usr/lib64/libm.so.6
7fb6aa5a2000-7fb6aa5fe000 r--p 00080000 00:1f 644334                     /usr/lib64/libm.so.6
7fb6aa5fe000-7fb6aa5ff000 r--p 000db000 00:1f 644334                     /usr/lib64/libm.so.6
7fb6aa5ff000-7fb6aa600000 rw-p 000dc000 00:1f 644334                     /usr/lib64/libm.so.6
7fb6aa600000-7fb6aa60e000 r-xp 00000000 07:08 413                        /var/lib/snapd/snap/webstorm/281/jbr/lib/libjli.so
7fb6aa60e000-7fb6aa80e000 ---p 0000e000 07:08 413                        /var/lib/snapd/snap/webstorm/281/jbr/lib/libjli.so
7fb6aa80e000-7fb6aa80f000 r--p 0000e000 07:08 413                        /var/lib/snapd/snap/webstorm/281/jbr/lib/libjli.so
7fb6aa80f000-7fb6aa810000 rw-p 0000f000 07:08 413                        /var/lib/snapd/snap/webstorm/281/jbr/lib/libjli.so
7fb6aa834000-7fb6aa835000 r--p 00000000 00:1f 644341                     /usr/lib64/librt.so.1
7fb6aa835000-7fb6aa836000 r-xp 00001000 00:1f 644341                     /usr/lib64/librt.so.1
7fb6aa836000-7fb6aa837000 r--p 00002000 00:1f 644341                     /usr/lib64/librt.so.1
7fb6aa837000-7fb6aa838000 r--p 00002000 00:1f 644341                     /usr/lib64/librt.so.1
7fb6aa838000-7fb6aa839000 rw-p 00003000 00:1f 644341                     /usr/lib64/librt.so.1
7fb6aa839000-7fb6aa83b000 rw-p 00000000 00:00 0 
7fb6aa83b000-7fb6aa83c000 r--p 00000000 00:1f 644333                     /usr/lib64/libdl.so.2
7fb6aa83c000-7fb6aa83d000 r-xp 00001000 00:1f 644333                     /usr/lib64/libdl.so.2
7fb6aa83d000-7fb6aa83e000 r--p 00002000 00:1f 644333                     /usr/lib64/libdl.so.2
7fb6aa83e000-7fb6aa83f000 r--p 00002000 00:1f 644333                     /usr/lib64/libdl.so.2
7fb6aa83f000-7fb6aa840000 rw-p 00003000 00:1f 644333                     /usr/lib64/libdl.so.2
7fb6aa840000-7fb6aa841000 r--p 00000000 00:1f 644339                     /usr/lib64/libpthread.so.0
7fb6aa841000-7fb6aa842000 r-xp 00001000 00:1f 644339                     /usr/lib64/libpthread.so.0
7fb6aa842000-7fb6aa843000 r--p 00002000 00:1f 644339                     /usr/lib64/libpthread.so.0
7fb6aa843000-7fb6aa844000 r--p 00002000 00:1f 644339                     /usr/lib64/libpthread.so.0
7fb6aa844000-7fb6aa845000 rw-p 00003000 00:1f 644339                     /usr/lib64/libpthread.so.0
7fb6aa845000-7fb6aa848000 r--p 00000000 00:1f 243850                     /usr/lib64/libz.so.1.2.11
7fb6aa848000-7fb6aa856000 r-xp 00003000 00:1f 243850                     /usr/lib64/libz.so.1.2.11
7fb6aa856000-7fb6aa85c000 r--p 00011000 00:1f 243850                     /usr/lib64/libz.so.1.2.11
7fb6aa85c000-7fb6aa85d000 ---p 00017000 00:1f 243850                     /usr/lib64/libz.so.1.2.11
7fb6aa85d000-7fb6aa85e000 r--p 00017000 00:1f 243850                     /usr/lib64/libz.so.1.2.11
7fb6aa85e000-7fb6aa864000 rw-p 00000000 00:00 0 
7fb6aa864000-7fb6aa86b000 ---p 00000000 00:00 0 
7fb6aa86b000-7fb6aa873000 rw-s 00000000 00:26 3282                       /tmp/hsperfdata_emagrina/72629
7fb6aa873000-7fb6aa874000 ---p 00000000 00:00 0 
7fb6aa874000-7fb6aa875000 r--p 00000000 00:00 0 
7fb6aa875000-7fb6aa877000 rw-p 00000000 00:00 0 
7fb6aa877000-7fb6aa879000 r--p 00000000 00:1f 644328                     /usr/lib64/ld-linux-x86-64.so.2
7fb6aa879000-7fb6aa8a0000 r-xp 00002000 00:1f 644328                     /usr/lib64/ld-linux-x86-64.so.2
7fb6aa8a0000-7fb6aa8ab000 r--p 00029000 00:1f 644328                     /usr/lib64/ld-linux-x86-64.so.2
7fb6aa8ab000-7fb6aa8ac000 ---p 00000000 00:00 0 
7fb6aa8ac000-7fb6aa8ae000 r--p 00034000 00:1f 644328                     /usr/lib64/ld-linux-x86-64.so.2
7fb6aa8ae000-7fb6aa8b0000 rw-p 00036000 00:1f 644328                     /usr/lib64/ld-linux-x86-64.so.2
7fff315e4000-7fff31605000 rw-p 00000000 00:00 0                          [stack]
7fff316ae000-7fff316b2000 r--p 00000000 00:00 0                          [vvar]
7fff316b2000-7fff316b4000 r-xp 00000000 00:00 0                          [vdso]
ffffffffff600000-ffffffffff601000 --xp 00000000 00:00 0                  [vsyscall]


VM Arguments:
java_command: git4idea.http.GitAskPassApp Username for 'https://github.com': 
java_class_path (initial): /var/lib/snapd/snap/webstorm/281/plugins/git4idea/lib/git4idea-rt.jar:/var/lib/snapd/snap/webstorm/281/lib/externalProcess-rt.jar:/var/lib/snapd/snap/webstorm/281/lib/app.jar:/var/lib/snapd/snap/webstorm/281/lib/3rd-party-rt.jar
Launcher Type: SUN_STANDARD

[Global flags]
     intx CICompilerCount                          = 4                                         {product} {ergonomic}
     uint ConcGCThreads                            = 2                                         {product} {ergonomic}
     uint G1ConcRefinementThreads                  = 8                                         {product} {ergonomic}
   size_t G1HeapRegionSize                         = 2097152                                   {product} {ergonomic}
    uintx GCDrainStackTargetSize                   = 64                                        {product} {ergonomic}
   size_t InitialHeapSize                          = 260046848                                 {product} {ergonomic}
   size_t MarkStackSize                            = 4194304                                   {product} {ergonomic}
   size_t MaxHeapSize                              = 4133486592                                {product} {ergonomic}
   size_t MaxNewSize                               = 2478833664                                {product} {ergonomic}
   size_t MinHeapDeltaBytes                        = 2097152                                   {product} {ergonomic}
   size_t MinHeapSize                              = 8388608                                   {product} {ergonomic}
    uintx NonNMethodCodeHeapSize                   = 5839372                                {pd product} {ergonomic}
    uintx NonProfiledCodeHeapSize                  = 122909434                              {pd product} {ergonomic}
    uintx ProfiledCodeHeapSize                     = 122909434                              {pd product} {ergonomic}
    uintx ReservedCodeCacheSize                    = 251658240                              {pd product} {ergonomic}
     bool SegmentedCodeCache                       = true                                      {product} {ergonomic}
   size_t SoftMaxHeapSize                          = 4133486592                             {manageable} {ergonomic}
     bool UseCompressedClassPointers               = true                           {product lp64_product} {ergonomic}
     bool UseCompressedOops                        = true                           {product lp64_product} {ergonomic}
     bool UseG1GC                                  = true                                      {product} {ergonomic}

Logging:
Log output configuration:
 #0: stdout all=warning uptime,level,tags
 #1: stderr all=off uptime,level,tags

Environment Variables:
PATH=/usr/libexec/git-core:/usr/libexec/git-core:/home/emagrina/.local/bin:/home/emagrina/bin:/usr/local/bin:/usr/local/sbin:/usr/bin:/usr/sbin:/var/lib/snapd/snap/bin:/home/emagrina/.composer/vendor/bin:/home/emagrina/.dotnet/tools
USERNAME=emagrina
SHELL=/bin/bash
DISPLAY=:0
LANG=es_ES.UTF-8
LC_ALL=en_US.UTF-8

Signal Handlers:
   SIGSEGV: crash_handler in libjvm.so, mask=11100100010111111101111111111110, flags=SA_RESTART|SA_SIGINFO
    SIGBUS: crash_handler in libjvm.so, mask=11100100010111111101111111111110, flags=SA_RESTART|SA_SIGINFO
    SIGFPE: crash_handler in libjvm.so, mask=11100100010111111101111111111110, flags=SA_RESTART|SA_SIGINFO
   SIGPIPE: javaSignalHandler in libjvm.so, mask=11100100010111111101111111111110, flags=SA_RESTART|SA_SIGINFO
   SIGXFSZ: javaSignalHandler in libjvm.so, mask=11100100010111111101111111111110, flags=SA_RESTART|SA_SIGINFO
    SIGILL: crash_handler in libjvm.so, mask=11100100010111111101111111111110, flags=SA_RESTART|SA_SIGINFO
   SIGUSR2: SR_handler in libjvm.so, mask=00100000000000000000000000000000, flags=SA_RESTART|SA_SIGINFO
    SIGHUP: SIG_DFL, mask=00000000000000000000000000000000, flags=none
    SIGINT: SIG_DFL, mask=00000000000000000000000000000000, flags=none
   SIGTERM: SIG_DFL, mask=00000000000000000000000000000000, flags=none
   SIGQUIT: javaSignalHandler in libjvm.so, mask=11100100010111111101111111111110, flags=SA_RESTART|SA_SIGINFO
   SIGTRAP: crash_handler in libjvm.so, mask=11100100010111111101111111111110, flags=SA_RESTART|SA_SIGINFO


---------------  S Y S T E M  ---------------

OS:
Fedora release 36 (Thirty Six)
uname: Linux 6.0.5-200.fc36.x86_64 #1 SMP PREEMPT_DYNAMIC Wed Oct 26 15:55:21 UTC 2022 x86_64
OS uptime: 0 days 8:42 hours
libc: glibc 2.35 NPTL 2.35 
rlimit (soft/hard): STACK 8192k/infinity , CORE infinity/infinity , NPROC 62884/62884 , NOFILE 1048576/1048576 , AS infinity/infinity , CPU infinity/infinity , DATA infinity/infinity , FSIZE infinity/infinity , MEMLOCK 8192k/8192k
load average: 1.23 1.45 1.61

/proc/meminfo:
MemTotal:       16144668 kB
MemFree:          430656 kB
MemAvailable:    4266752 kB
Buffers:             948 kB
Cached:          4852040 kB
SwapCached:         7616 kB
Active:          4340668 kB
Inactive:        9860296 kB
Active(anon):    1498296 kB
Inactive(anon):  8705972 kB
Active(file):    2842372 kB
Inactive(file):  1154324 kB
Unevictable:      318852 kB
Mlocked:            5844 kB
SwapTotal:       8388604 kB
SwapFree:        7251196 kB
Zswap:                 0 kB
Zswapped:              0 kB
Dirty:              6644 kB
Writeback:             0 kB
AnonPages:       9659712 kB
Mapped:          1010752 kB
Shmem:           1048716 kB
KReclaimable:     211596 kB
Slab:             499080 kB
SReclaimable:     211596 kB
SUnreclaim:       287484 kB
KernelStack:       33472 kB
PageTables:       127868 kB
NFS_Unstable:          0 kB
Bounce:                0 kB
WritebackTmp:          0 kB
CommitLimit:    16460936 kB
Committed_AS:   25544948 kB
VmallocTotal:   34359738367 kB
VmallocUsed:      142448 kB
VmallocChunk:          0 kB
Percpu:            11072 kB
HardwareCorrupted:     0 kB
AnonHugePages:         0 kB
ShmemHugePages:        0 kB
ShmemPmdMapped:        0 kB
FileHugePages:         0 kB
FilePmdMapped:         0 kB
CmaTotal:              0 kB
CmaFree:               0 kB
HugePages_Total:       0
HugePages_Free:        0
HugePages_Rsvd:        0
HugePages_Surp:        0
Hugepagesize:       2048 kB
Hugetlb:               0 kB
DirectMap4k:      317620 kB
DirectMap2M:     7837696 kB
DirectMap1G:     9437184 kB

/sys/kernel/mm/transparent_hugepage/enabled: always [madvise] never
/sys/kernel/mm/transparent_hugepage/defrag (defrag/compaction efforts parameter): always defer defer+madvise [madvise] never

Process Memory:
Virtual Size: 6036152K (peak: 6036152K)
Resident Set Size: 22108K (peak: 22108K) (anon: 8800K, file: 13276K, shmem: 32K)
Swapped out: 0K
C-Heap outstanding allocations: 23385K, retained: 774K
glibc malloc tunables: (default)

/proc/sys/kernel/threads-max (system-wide limit on the number of threads): 125769
/proc/sys/vm/max_map_count (maximum number of memory map areas a process may have): 65530
/proc/sys/kernel/pid_max (system-wide limit on number of process identifiers): 4194304

container (cgroup) information:
container_type: cgroupv2
cpu_cpuset_cpus: not supported
cpu_memory_nodes: not supported
active_processor_count: 8
cpu_quota: no quota
cpu_period: 100000
cpu_shares: 8192
memory_limit_in_bytes: unlimited
memory_and_swap_limit_in_bytes: unlimited
memory_soft_limit_in_bytes: unlimited
memory_usage_in_bytes: 5349028 k
memory_max_usage_in_bytes: not supported
maximum number of tasks: 18865
current number of tasks: 369

Steal ticks since vm start: 0
Steal ticks percentage since vm start:  0.000

CPU: total 8 (initial active 8) (4 cores per cpu, 2 threads per core) family 6 model 165 stepping 2 microcode 0xf0, cx8, cmov, fxsr, ht, mmx, 3dnowpref, sse, sse2, sse3, ssse3, sse4.1, sse4.2, popcnt, lzcnt, tsc, tscinvbit, avx, avx2, aes, erms, clmul, bmi1, bmi2, adx, fma, vzeroupper, clflush, clflushopt
CPU Model and flags from /proc/cpuinfo:
model name	: Intel(R) Core(TM) i5-10300H CPU @ 2.50GHz
flags		: fpu vme de pse tsc msr pae mce cx8 apic sep mtrr pge mca cmov pat pse36 clflush dts acpi mmx fxsr sse sse2 ss ht tm pbe syscall nx pdpe1gb rdtscp lm constant_tsc art arch_perfmon pebs bts rep_good nopl xtopology nonstop_tsc cpuid aperfmperf pni pclmulqdq dtes64 monitor ds_cpl vmx est tm2 ssse3 sdbg fma cx16 xtpr pdcm pcid sse4_1 sse4_2 x2apic movbe popcnt tsc_deadline_timer aes xsave avx f16c rdrand lahf_lm abm 3dnowprefetch cpuid_fault epb invpcid_single ssbd ibrs ibpb stibp ibrs_enhanced tpr_shadow vnmi flexpriority ept vpid ept_ad fsgsbase tsc_adjust bmi1 avx2 smep bmi2 erms invpcid mpx rdseed adx smap clflushopt intel_pt xsaveopt xsavec xgetbv1 xsaves dtherm ida arat pln pts hwp hwp_notify hwp_act_window hwp_epp pku ospke md_clear flush_l1d arch_capabilities

Online cpus: 0-7
Offline cpus: 
BIOS frequency limitation: <Not Available>
Frequency switch latency (ns): 0
Available cpu frequencies: <Not Available>
Current governor: powersave
Core performance/turbo boost: <Not Available>

Memory: 4k page, physical 16144668k(430656k free), swap 8388604k(7251196k free)
Page Sizes: 4k

vm_info: OpenJDK 64-Bit Server VM (17.0.4.1+7-b469.62) for linux-amd64 JRE (17.0.4.1+7-b469.62), built on 2022-09-22 by "builduser" with gcc 8.3.1 20190311 (Red Hat 8.3.1-3)

END.
