#
# A fatal error has been detected by the Java Runtime Environment:
#
#  SIGSEGV (0xb) at pc=0x00007fa84c400047, pid=72133, tid=72134
#
# JRE version:  (17.0.4.1+7) (build )
# Java VM: OpenJDK 64-Bit Server VM (17.0.4.1+7-b469.62, mixed mode, tiered, compressed oops, compressed class ptrs, g1 gc, linux-amd64)
# Problematic frame:
# C  [libzip.so+0x47]  +0x44
#
# Core dump will be written. Default location: Core dumps may be processed with "/usr/lib/systemd/systemd-coredump %P %u %g %s %t %c %h" (or dumping to /home/emagrina/Documentos/Projects/Audito/core.72133)
#
#

---------------  S U M M A R Y ------------

Command Line: git4idea.http.GitAskPassApp Username for 'https://github.com': 

Host: Intel(R) Core(TM) i5-10300H CPU @ 2.50GHz, 8 cores, 15G, Fedora release 36 (Thirty Six)
Time: Mon Nov 14 00:06:20 2022 CET elapsed time: 0.026591 seconds (0d 0h 0m 0s)

---------------  T H R E A D  ---------------

Current thread (0x00007fa86c0245f0):  JavaThread "Unknown thread" [_thread_in_vm, id=72134, stack(0x00007fa872100000,0x00007fa872200000)]

Stack: [0x00007fa872100000,0x00007fa872200000],  sp=0x00007fa8721fdc18,  free space=1015k
Native frames: (J=compiled Java code, j=interpreted, Vv=VM code, C=native code)
C  [libzip.so+0x47]  +0x44


siginfo: si_signo: 11 (SIGSEGV), si_code: 2 (SEGV_ACCERR), si_addr: 0x00007fa84c400000

Registers:
RAX=0x00007fa84c400000, RBX=0x00007fa86c17f250, RCX=0x00007fff6a7ca288, RDX=0x00007fff6a7ca288
RSP=0x00007fa8721fdc18, RBP=0x0000000000000005, RSI=0x00007fff6a7ca258, RDI=0x0000000000000005
R8 =0x00007fa86c17f110, R9 =0x00007fa86c002a00, R10=0x0000000000000000, R11=0x36a9ab7a91f85934
R12=0x00007fff6a7ca258, R13=0x00007fff6a7ca288, R14=0x00007fa86c17f250, R15=0x0000000000000000
RIP=0x00007fa84c400047, EFLAGS=0x0000000000010206, CSGSFS=0x002b000000000033, ERR=0x0000000000000007
  TRAPNO=0x000000000000000e

Top of Stack: (sp=0x00007fa8721fdc18)
0x00007fa8721fdc18:   00007fa84c401b5d 00007fa8725a5ab0
0x00007fa8721fdc28:   00007fa872573f39 fffffffffffffff8
0x00007fa8721fdc38:   0000000000000005 00007fff6a7ca258
0x00007fa8721fdc48:   00007fff6a7ca288 00007fa86c17f250 

Instructions: (pc=0x00007fa84c400047)
0x00007fa84c3fff47:   ?? ?? ?? ?? ?? ?? ?? ?? ?? ?? ?? ?? ?? ?? ?? ??
0x00007fa84c3fff57:   ?? ?? ?? ?? ?? ?? ?? ?? ?? ?? ?? ?? ?? ?? ?? ??
0x00007fa84c3fff67:   ?? ?? ?? ?? ?? ?? ?? ?? ?? ?? ?? ?? ?? ?? ?? ??
0x00007fa84c3fff77:   ?? ?? ?? ?? ?? ?? ?? ?? ?? ?? ?? ?? ?? ?? ?? ??
0x00007fa84c3fff87:   ?? ?? ?? ?? ?? ?? ?? ?? ?? ?? ?? ?? ?? ?? ?? ??
0x00007fa84c3fff97:   ?? ?? ?? ?? ?? ?? ?? ?? ?? ?? ?? ?? ?? ?? ?? ??
0x00007fa84c3fffa7:   ?? ?? ?? ?? ?? ?? ?? ?? ?? ?? ?? ?? ?? ?? ?? ??
0x00007fa84c3fffb7:   ?? ?? ?? ?? ?? ?? ?? ?? ?? ?? ?? ?? ?? ?? ?? ??
0x00007fa84c3fffc7:   ?? ?? ?? ?? ?? ?? ?? ?? ?? ?? ?? ?? ?? ?? ?? ??
0x00007fa84c3fffd7:   ?? ?? ?? ?? ?? ?? ?? ?? ?? ?? ?? ?? ?? ?? ?? ??
0x00007fa84c3fffe7:   ?? ?? ?? ?? ?? ?? ?? ?? ?? ?? ?? ?? ?? ?? ?? ??
0x00007fa84c3ffff7:   ?? ?? ?? ?? ?? ?? ?? ?? ?? 7f 45 4c 46 02 01 01
0x00007fa84c400007:   00 00 00 00 00 00 00 00 00 03 00 3e 00 01 00 00
0x00007fa84c400017:   00 80 1e 00 00 00 00 00 00 40 00 00 00 00 00 00
0x00007fa84c400027:   00 08 8d 00 00 00 00 00 00 00 00 00 00 40 00 38
0x00007fa84c400037:   00 07 00 40 00 1b 00 1a 00 01 00 00 00 05 00 00
0x00007fa84c400047:   00 00 00 00 00 00 00 00 00 00 00 00 00 00 00 00
0x00007fa84c400057:   00 00 00 00 00 00 00 00 00 f8 6b 00 00 00 00 00
0x00007fa84c400067:   00 f8 6b 00 00 00 00 00 00 00 00 20 00 00 00 00
0x00007fa84c400077:   00 01 00 00 00 06 00 00 00 f8 6b 00 00 00 00 00
0x00007fa84c400087:   00 f8 6b 20 00 00 00 00 00 f8 6b 20 00 00 00 00
0x00007fa84c400097:   00 08 04 00 00 00 00 00 00 40 04 00 00 00 00 00
0x00007fa84c4000a7:   00 00 00 20 00 00 00 00 00 02 00 00 00 06 00 00
0x00007fa84c4000b7:   00 10 6c 00 00 00 00 00 00 10 6c 20 00 00 00 00
0x00007fa84c4000c7:   00 10 6c 20 00 00 00 00 00 30 02 00 00 00 00 00
0x00007fa84c4000d7:   00 30 02 00 00 00 00 00 00 08 00 00 00 00 00 00
0x00007fa84c4000e7:   00 04 00 00 00 04 00 00 00 c8 01 00 00 00 00 00
0x00007fa84c4000f7:   00 c8 01 00 00 00 00 00 00 c8 01 00 00 00 00 00
0x00007fa84c400107:   00 24 00 00 00 00 00 00 00 24 00 00 00 00 00 00
0x00007fa84c400117:   00 04 00 00 00 00 00 00 00 50 e5 74 64 04 00 00
0x00007fa84c400127:   00 90 5e 00 00 00 00 00 00 90 5e 00 00 00 00 00
0x00007fa84c400137:   00 90 5e 00 00 00 00 00 00 34 02 00 00 00 00 00 



---------------  P R O C E S S  ---------------

Threads class SMR info:
_java_thread_list=0x00007fa871d61620, length=0, elements={
}

Java Threads: ( => current thread )

Other Threads:
  0x00007fa86c08f0b0 GCTaskThread "GC Thread#0" [stack: 0x00007fa84fdb2000,0x00007fa84feb2000] [id=72135]
  0x00007fa86c09fd00 ConcurrentGCThread "G1 Main Marker" [stack: 0x00007fa84fcb0000,0x00007fa84fdb0000] [id=72136]
  0x00007fa86c0a0c60 ConcurrentGCThread "G1 Conc#0" [stack: 0x00007fa84fbae000,0x00007fa84fcae000] [id=72137]
  0x00007fa86c154db0 ConcurrentGCThread "G1 Refine#0" [stack: 0x00007fa84d2a4000,0x00007fa84d3a4000] [id=72138]
  0x00007fa86c155ca0 ConcurrentGCThread "G1 Service" [stack: 0x00007fa84d1a2000,0x00007fa84d2a2000] [id=72139]

=>0x00007fa86c0245f0 (exited) JavaThread "Unknown thread" [_thread_in_vm, id=72134, stack(0x00007fa872100000,0x00007fa872200000)]

Threads with active compile tasks:

VM state: not at safepoint (not fully initialized)

VM Mutex/Monitor currently owned by a thread: None

Heap address: 0x0000000709a00000, size: 3942 MB, Compressed Oops mode: Zero based, Oop shift amount: 3

CDS archive(s) not mapped
Compressed class space mapped at: 0x0000000800000000-0x0000000840000000, reserved size: 1073741824
Narrow klass base: 0x0000000800000000, Narrow klass shift: 0, Narrow klass range: 0x40000000

GC Precious Log:
 CPUs: 8 total, 8 available
 Memory: 15766M
 Large Page Support: Disabled
 NUMA Support: Disabled
 Compressed Oops: Enabled (Zero based)
 Heap Region Size: 2M
 Heap Min Capacity: 8M
 Heap Initial Capacity: 248M
 Heap Max Capacity: 3942M
 Pre-touch: Disabled
 Parallel Workers: 8
 Concurrent Workers: 2
 Concurrent Refinement Workers: 8
 Periodic GC: Disabled

Heap:
 garbage-first heap   total 253952K, used 0K [0x0000000709a00000, 0x0000000800000000)
  region size 2048K, 0 young (0K), 0 survivors (0K)
 Metaspace       used 4K, committed 128K, reserved 1056768K
  class space    used 4K, committed 64K, reserved 1048576K

Heap Regions: E=young(eden), S=young(survivor), O=old, HS=humongous(starts), HC=humongous(continues), CS=collection set, F=free, OA=open archive, CA=closed archive, TAMS=top-at-mark-start (previous, next)
|   0|0x0000000709a00000, 0x0000000709a00000, 0x0000000709c00000|  0%| F|  |TAMS 0x0000000709a00000, 0x0000000709a00000| Untracked 
|   1|0x0000000709c00000, 0x0000000709c00000, 0x0000000709e00000|  0%| F|  |TAMS 0x0000000709c00000, 0x0000000709c00000| Untracked 
|   2|0x0000000709e00000, 0x0000000709e00000, 0x000000070a000000|  0%| F|  |TAMS 0x0000000709e00000, 0x0000000709e00000| Untracked 
|   3|0x000000070a000000, 0x000000070a000000, 0x000000070a200000|  0%| F|  |TAMS 0x000000070a000000, 0x000000070a000000| Untracked 
|   4|0x000000070a200000, 0x000000070a200000, 0x000000070a400000|  0%| F|  |TAMS 0x000000070a200000, 0x000000070a200000| Untracked 
|   5|0x000000070a400000, 0x000000070a400000, 0x000000070a600000|  0%| F|  |TAMS 0x000000070a400000, 0x000000070a400000| Untracked 
|   6|0x000000070a600000, 0x000000070a600000, 0x000000070a800000|  0%| F|  |TAMS 0x000000070a600000, 0x000000070a600000| Untracked 
|   7|0x000000070a800000, 0x000000070a800000, 0x000000070aa00000|  0%| F|  |TAMS 0x000000070a800000, 0x000000070a800000| Untracked 
|   8|0x000000070aa00000, 0x000000070aa00000, 0x000000070ac00000|  0%| F|  |TAMS 0x000000070aa00000, 0x000000070aa00000| Untracked 
|   9|0x000000070ac00000, 0x000000070ac00000, 0x000000070ae00000|  0%| F|  |TAMS 0x000000070ac00000, 0x000000070ac00000| Untracked 
|  10|0x000000070ae00000, 0x000000070ae00000, 0x000000070b000000|  0%| F|  |TAMS 0x000000070ae00000, 0x000000070ae00000| Untracked 
|  11|0x000000070b000000, 0x000000070b000000, 0x000000070b200000|  0%| F|  |TAMS 0x000000070b000000, 0x000000070b000000| Untracked 
|  12|0x000000070b200000, 0x000000070b200000, 0x000000070b400000|  0%| F|  |TAMS 0x000000070b200000, 0x000000070b200000| Untracked 
|  13|0x000000070b400000, 0x000000070b400000, 0x000000070b600000|  0%| F|  |TAMS 0x000000070b400000, 0x000000070b400000| Untracked 
|  14|0x000000070b600000, 0x000000070b600000, 0x000000070b800000|  0%| F|  |TAMS 0x000000070b600000, 0x000000070b600000| Untracked 
|  15|0x000000070b800000, 0x000000070b800000, 0x000000070ba00000|  0%| F|  |TAMS 0x000000070b800000, 0x000000070b800000| Untracked 
|  16|0x000000070ba00000, 0x000000070ba00000, 0x000000070bc00000|  0%| F|  |TAMS 0x000000070ba00000, 0x000000070ba00000| Untracked 
|  17|0x000000070bc00000, 0x000000070bc00000, 0x000000070be00000|  0%| F|  |TAMS 0x000000070bc00000, 0x000000070bc00000| Untracked 
|  18|0x000000070be00000, 0x000000070be00000, 0x000000070c000000|  0%| F|  |TAMS 0x000000070be00000, 0x000000070be00000| Untracked 
|  19|0x000000070c000000, 0x000000070c000000, 0x000000070c200000|  0%| F|  |TAMS 0x000000070c000000, 0x000000070c000000| Untracked 
|  20|0x000000070c200000, 0x000000070c200000, 0x000000070c400000|  0%| F|  |TAMS 0x000000070c200000, 0x000000070c200000| Untracked 
|  21|0x000000070c400000, 0x000000070c400000, 0x000000070c600000|  0%| F|  |TAMS 0x000000070c400000, 0x000000070c400000| Untracked 
|  22|0x000000070c600000, 0x000000070c600000, 0x000000070c800000|  0%| F|  |TAMS 0x000000070c600000, 0x000000070c600000| Untracked 
|  23|0x000000070c800000, 0x000000070c800000, 0x000000070ca00000|  0%| F|  |TAMS 0x000000070c800000, 0x000000070c800000| Untracked 
|  24|0x000000070ca00000, 0x000000070ca00000, 0x000000070cc00000|  0%| F|  |TAMS 0x000000070ca00000, 0x000000070ca00000| Untracked 
|  25|0x000000070cc00000, 0x000000070cc00000, 0x000000070ce00000|  0%| F|  |TAMS 0x000000070cc00000, 0x000000070cc00000| Untracked 
|  26|0x000000070ce00000, 0x000000070ce00000, 0x000000070d000000|  0%| F|  |TAMS 0x000000070ce00000, 0x000000070ce00000| Untracked 
|  27|0x000000070d000000, 0x000000070d000000, 0x000000070d200000|  0%| F|  |TAMS 0x000000070d000000, 0x000000070d000000| Untracked 
|  28|0x000000070d200000, 0x000000070d200000, 0x000000070d400000|  0%| F|  |TAMS 0x000000070d200000, 0x000000070d200000| Untracked 
|  29|0x000000070d400000, 0x000000070d400000, 0x000000070d600000|  0%| F|  |TAMS 0x000000070d400000, 0x000000070d400000| Untracked 
|  30|0x000000070d600000, 0x000000070d600000, 0x000000070d800000|  0%| F|  |TAMS 0x000000070d600000, 0x000000070d600000| Untracked 
|  31|0x000000070d800000, 0x000000070d800000, 0x000000070da00000|  0%| F|  |TAMS 0x000000070d800000, 0x000000070d800000| Untracked 
|  32|0x000000070da00000, 0x000000070da00000, 0x000000070dc00000|  0%| F|  |TAMS 0x000000070da00000, 0x000000070da00000| Untracked 
|  33|0x000000070dc00000, 0x000000070dc00000, 0x000000070de00000|  0%| F|  |TAMS 0x000000070dc00000, 0x000000070dc00000| Untracked 
|  34|0x000000070de00000, 0x000000070de00000, 0x000000070e000000|  0%| F|  |TAMS 0x000000070de00000, 0x000000070de00000| Untracked 
|  35|0x000000070e000000, 0x000000070e000000, 0x000000070e200000|  0%| F|  |TAMS 0x000000070e000000, 0x000000070e000000| Untracked 
|  36|0x000000070e200000, 0x000000070e200000, 0x000000070e400000|  0%| F|  |TAMS 0x000000070e200000, 0x000000070e200000| Untracked 
|  37|0x000000070e400000, 0x000000070e400000, 0x000000070e600000|  0%| F|  |TAMS 0x000000070e400000, 0x000000070e400000| Untracked 
|  38|0x000000070e600000, 0x000000070e600000, 0x000000070e800000|  0%| F|  |TAMS 0x000000070e600000, 0x000000070e600000| Untracked 
|  39|0x000000070e800000, 0x000000070e800000, 0x000000070ea00000|  0%| F|  |TAMS 0x000000070e800000, 0x000000070e800000| Untracked 
|  40|0x000000070ea00000, 0x000000070ea00000, 0x000000070ec00000|  0%| F|  |TAMS 0x000000070ea00000, 0x000000070ea00000| Untracked 
|  41|0x000000070ec00000, 0x000000070ec00000, 0x000000070ee00000|  0%| F|  |TAMS 0x000000070ec00000, 0x000000070ec00000| Untracked 
|  42|0x000000070ee00000, 0x000000070ee00000, 0x000000070f000000|  0%| F|  |TAMS 0x000000070ee00000, 0x000000070ee00000| Untracked 
|  43|0x000000070f000000, 0x000000070f000000, 0x000000070f200000|  0%| F|  |TAMS 0x000000070f000000, 0x000000070f000000| Untracked 
|  44|0x000000070f200000, 0x000000070f200000, 0x000000070f400000|  0%| F|  |TAMS 0x000000070f200000, 0x000000070f200000| Untracked 
|  45|0x000000070f400000, 0x000000070f400000, 0x000000070f600000|  0%| F|  |TAMS 0x000000070f400000, 0x000000070f400000| Untracked 
|  46|0x000000070f600000, 0x000000070f600000, 0x000000070f800000|  0%| F|  |TAMS 0x000000070f600000, 0x000000070f600000| Untracked 
|  47|0x000000070f800000, 0x000000070f800000, 0x000000070fa00000|  0%| F|  |TAMS 0x000000070f800000, 0x000000070f800000| Untracked 
|  48|0x000000070fa00000, 0x000000070fa00000, 0x000000070fc00000|  0%| F|  |TAMS 0x000000070fa00000, 0x000000070fa00000| Untracked 
|  49|0x000000070fc00000, 0x000000070fc00000, 0x000000070fe00000|  0%| F|  |TAMS 0x000000070fc00000, 0x000000070fc00000| Untracked 
|  50|0x000000070fe00000, 0x000000070fe00000, 0x0000000710000000|  0%| F|  |TAMS 0x000000070fe00000, 0x000000070fe00000| Untracked 
|  51|0x0000000710000000, 0x0000000710000000, 0x0000000710200000|  0%| F|  |TAMS 0x0000000710000000, 0x0000000710000000| Untracked 
|  52|0x0000000710200000, 0x0000000710200000, 0x0000000710400000|  0%| F|  |TAMS 0x0000000710200000, 0x0000000710200000| Untracked 
|  53|0x0000000710400000, 0x0000000710400000, 0x0000000710600000|  0%| F|  |TAMS 0x0000000710400000, 0x0000000710400000| Untracked 
|  54|0x0000000710600000, 0x0000000710600000, 0x0000000710800000|  0%| F|  |TAMS 0x0000000710600000, 0x0000000710600000| Untracked 
|  55|0x0000000710800000, 0x0000000710800000, 0x0000000710a00000|  0%| F|  |TAMS 0x0000000710800000, 0x0000000710800000| Untracked 
|  56|0x0000000710a00000, 0x0000000710a00000, 0x0000000710c00000|  0%| F|  |TAMS 0x0000000710a00000, 0x0000000710a00000| Untracked 
|  57|0x0000000710c00000, 0x0000000710c00000, 0x0000000710e00000|  0%| F|  |TAMS 0x0000000710c00000, 0x0000000710c00000| Untracked 
|  58|0x0000000710e00000, 0x0000000710e00000, 0x0000000711000000|  0%| F|  |TAMS 0x0000000710e00000, 0x0000000710e00000| Untracked 
|  59|0x0000000711000000, 0x0000000711000000, 0x0000000711200000|  0%| F|  |TAMS 0x0000000711000000, 0x0000000711000000| Untracked 
|  60|0x0000000711200000, 0x0000000711200000, 0x0000000711400000|  0%| F|  |TAMS 0x0000000711200000, 0x0000000711200000| Untracked 
|  61|0x0000000711400000, 0x0000000711400000, 0x0000000711600000|  0%| F|  |TAMS 0x0000000711400000, 0x0000000711400000| Untracked 
|  62|0x0000000711600000, 0x0000000711600000, 0x0000000711800000|  0%| F|  |TAMS 0x0000000711600000, 0x0000000711600000| Untracked 
|  63|0x0000000711800000, 0x0000000711800000, 0x0000000711a00000|  0%| F|  |TAMS 0x0000000711800000, 0x0000000711800000| Untracked 
|  64|0x0000000711a00000, 0x0000000711a00000, 0x0000000711c00000|  0%| F|  |TAMS 0x0000000711a00000, 0x0000000711a00000| Untracked 
|  65|0x0000000711c00000, 0x0000000711c00000, 0x0000000711e00000|  0%| F|  |TAMS 0x0000000711c00000, 0x0000000711c00000| Untracked 
|  66|0x0000000711e00000, 0x0000000711e00000, 0x0000000712000000|  0%| F|  |TAMS 0x0000000711e00000, 0x0000000711e00000| Untracked 
|  67|0x0000000712000000, 0x0000000712000000, 0x0000000712200000|  0%| F|  |TAMS 0x0000000712000000, 0x0000000712000000| Untracked 
|  68|0x0000000712200000, 0x0000000712200000, 0x0000000712400000|  0%| F|  |TAMS 0x0000000712200000, 0x0000000712200000| Untracked 
|  69|0x0000000712400000, 0x0000000712400000, 0x0000000712600000|  0%| F|  |TAMS 0x0000000712400000, 0x0000000712400000| Untracked 
|  70|0x0000000712600000, 0x0000000712600000, 0x0000000712800000|  0%| F|  |TAMS 0x0000000712600000, 0x0000000712600000| Untracked 
|  71|0x0000000712800000, 0x0000000712800000, 0x0000000712a00000|  0%| F|  |TAMS 0x0000000712800000, 0x0000000712800000| Untracked 
|  72|0x0000000712a00000, 0x0000000712a00000, 0x0000000712c00000|  0%| F|  |TAMS 0x0000000712a00000, 0x0000000712a00000| Untracked 
|  73|0x0000000712c00000, 0x0000000712c00000, 0x0000000712e00000|  0%| F|  |TAMS 0x0000000712c00000, 0x0000000712c00000| Untracked 
|  74|0x0000000712e00000, 0x0000000712e00000, 0x0000000713000000|  0%| F|  |TAMS 0x0000000712e00000, 0x0000000712e00000| Untracked 
|  75|0x0000000713000000, 0x0000000713000000, 0x0000000713200000|  0%| F|  |TAMS 0x0000000713000000, 0x0000000713000000| Untracked 
|  76|0x0000000713200000, 0x0000000713200000, 0x0000000713400000|  0%| F|  |TAMS 0x0000000713200000, 0x0000000713200000| Untracked 
|  77|0x0000000713400000, 0x0000000713400000, 0x0000000713600000|  0%| F|  |TAMS 0x0000000713400000, 0x0000000713400000| Untracked 
|  78|0x0000000713600000, 0x0000000713600000, 0x0000000713800000|  0%| F|  |TAMS 0x0000000713600000, 0x0000000713600000| Untracked 
|  79|0x0000000713800000, 0x0000000713800000, 0x0000000713a00000|  0%| F|  |TAMS 0x0000000713800000, 0x0000000713800000| Untracked 
|  80|0x0000000713a00000, 0x0000000713a00000, 0x0000000713c00000|  0%| F|  |TAMS 0x0000000713a00000, 0x0000000713a00000| Untracked 
|  81|0x0000000713c00000, 0x0000000713c00000, 0x0000000713e00000|  0%| F|  |TAMS 0x0000000713c00000, 0x0000000713c00000| Untracked 
|  82|0x0000000713e00000, 0x0000000713e00000, 0x0000000714000000|  0%| F|  |TAMS 0x0000000713e00000, 0x0000000713e00000| Untracked 
|  83|0x0000000714000000, 0x0000000714000000, 0x0000000714200000|  0%| F|  |TAMS 0x0000000714000000, 0x0000000714000000| Untracked 
|  84|0x0000000714200000, 0x0000000714200000, 0x0000000714400000|  0%| F|  |TAMS 0x0000000714200000, 0x0000000714200000| Untracked 
|  85|0x0000000714400000, 0x0000000714400000, 0x0000000714600000|  0%| F|  |TAMS 0x0000000714400000, 0x0000000714400000| Untracked 
|  86|0x0000000714600000, 0x0000000714600000, 0x0000000714800000|  0%| F|  |TAMS 0x0000000714600000, 0x0000000714600000| Untracked 
|  87|0x0000000714800000, 0x0000000714800000, 0x0000000714a00000|  0%| F|  |TAMS 0x0000000714800000, 0x0000000714800000| Untracked 
|  88|0x0000000714a00000, 0x0000000714a00000, 0x0000000714c00000|  0%| F|  |TAMS 0x0000000714a00000, 0x0000000714a00000| Untracked 
|  89|0x0000000714c00000, 0x0000000714c00000, 0x0000000714e00000|  0%| F|  |TAMS 0x0000000714c00000, 0x0000000714c00000| Untracked 
|  90|0x0000000714e00000, 0x0000000714e00000, 0x0000000715000000|  0%| F|  |TAMS 0x0000000714e00000, 0x0000000714e00000| Untracked 
|  91|0x0000000715000000, 0x0000000715000000, 0x0000000715200000|  0%| F|  |TAMS 0x0000000715000000, 0x0000000715000000| Untracked 
|  92|0x0000000715200000, 0x0000000715200000, 0x0000000715400000|  0%| F|  |TAMS 0x0000000715200000, 0x0000000715200000| Untracked 
|  93|0x0000000715400000, 0x0000000715400000, 0x0000000715600000|  0%| F|  |TAMS 0x0000000715400000, 0x0000000715400000| Untracked 
|  94|0x0000000715600000, 0x0000000715600000, 0x0000000715800000|  0%| F|  |TAMS 0x0000000715600000, 0x0000000715600000| Untracked 
|  95|0x0000000715800000, 0x0000000715800000, 0x0000000715a00000|  0%| F|  |TAMS 0x0000000715800000, 0x0000000715800000| Untracked 
|  96|0x0000000715a00000, 0x0000000715a00000, 0x0000000715c00000|  0%| F|  |TAMS 0x0000000715a00000, 0x0000000715a00000| Untracked 
|  97|0x0000000715c00000, 0x0000000715c00000, 0x0000000715e00000|  0%| F|  |TAMS 0x0000000715c00000, 0x0000000715c00000| Untracked 
|  98|0x0000000715e00000, 0x0000000715e00000, 0x0000000716000000|  0%| F|  |TAMS 0x0000000715e00000, 0x0000000715e00000| Untracked 
|  99|0x0000000716000000, 0x0000000716000000, 0x0000000716200000|  0%| F|  |TAMS 0x0000000716000000, 0x0000000716000000| Untracked 
| 100|0x0000000716200000, 0x0000000716200000, 0x0000000716400000|  0%| F|  |TAMS 0x0000000716200000, 0x0000000716200000| Untracked 
| 101|0x0000000716400000, 0x0000000716400000, 0x0000000716600000|  0%| F|  |TAMS 0x0000000716400000, 0x0000000716400000| Untracked 
| 102|0x0000000716600000, 0x0000000716600000, 0x0000000716800000|  0%| F|  |TAMS 0x0000000716600000, 0x0000000716600000| Untracked 
| 103|0x0000000716800000, 0x0000000716800000, 0x0000000716a00000|  0%| F|  |TAMS 0x0000000716800000, 0x0000000716800000| Untracked 
| 104|0x0000000716a00000, 0x0000000716a00000, 0x0000000716c00000|  0%| F|  |TAMS 0x0000000716a00000, 0x0000000716a00000| Untracked 
| 105|0x0000000716c00000, 0x0000000716c00000, 0x0000000716e00000|  0%| F|  |TAMS 0x0000000716c00000, 0x0000000716c00000| Untracked 
| 106|0x0000000716e00000, 0x0000000716e00000, 0x0000000717000000|  0%| F|  |TAMS 0x0000000716e00000, 0x0000000716e00000| Untracked 
| 107|0x0000000717000000, 0x0000000717000000, 0x0000000717200000|  0%| F|  |TAMS 0x0000000717000000, 0x0000000717000000| Untracked 
| 108|0x0000000717200000, 0x0000000717200000, 0x0000000717400000|  0%| F|  |TAMS 0x0000000717200000, 0x0000000717200000| Untracked 
| 109|0x0000000717400000, 0x0000000717400000, 0x0000000717600000|  0%| F|  |TAMS 0x0000000717400000, 0x0000000717400000| Untracked 
| 110|0x0000000717600000, 0x0000000717600000, 0x0000000717800000|  0%| F|  |TAMS 0x0000000717600000, 0x0000000717600000| Untracked 
| 111|0x0000000717800000, 0x0000000717800000, 0x0000000717a00000|  0%| F|  |TAMS 0x0000000717800000, 0x0000000717800000| Untracked 
| 112|0x0000000717a00000, 0x0000000717a00000, 0x0000000717c00000|  0%| F|  |TAMS 0x0000000717a00000, 0x0000000717a00000| Untracked 
| 113|0x0000000717c00000, 0x0000000717c00000, 0x0000000717e00000|  0%| F|  |TAMS 0x0000000717c00000, 0x0000000717c00000| Untracked 
| 114|0x0000000717e00000, 0x0000000717e00000, 0x0000000718000000|  0%| F|  |TAMS 0x0000000717e00000, 0x0000000717e00000| Untracked 
| 115|0x0000000718000000, 0x0000000718000000, 0x0000000718200000|  0%| F|  |TAMS 0x0000000718000000, 0x0000000718000000| Untracked 
| 116|0x0000000718200000, 0x0000000718200000, 0x0000000718400000|  0%| F|  |TAMS 0x0000000718200000, 0x0000000718200000| Untracked 
| 117|0x0000000718400000, 0x0000000718400000, 0x0000000718600000|  0%| F|  |TAMS 0x0000000718400000, 0x0000000718400000| Untracked 
| 118|0x0000000718600000, 0x0000000718600000, 0x0000000718800000|  0%| F|  |TAMS 0x0000000718600000, 0x0000000718600000| Untracked 
| 119|0x0000000718800000, 0x0000000718800000, 0x0000000718a00000|  0%| F|  |TAMS 0x0000000718800000, 0x0000000718800000| Untracked 
| 120|0x0000000718a00000, 0x0000000718a00000, 0x0000000718c00000|  0%| F|  |TAMS 0x0000000718a00000, 0x0000000718a00000| Untracked 
| 121|0x0000000718c00000, 0x0000000718c00000, 0x0000000718e00000|  0%| F|  |TAMS 0x0000000718c00000, 0x0000000718c00000| Untracked 
| 122|0x0000000718e00000, 0x0000000718e00000, 0x0000000719000000|  0%| F|  |TAMS 0x0000000718e00000, 0x0000000718e00000| Untracked 
| 123|0x0000000719000000, 0x0000000719000000, 0x0000000719200000|  0%| F|  |TAMS 0x0000000719000000, 0x0000000719000000| Untracked 

Card table byte_map: [0x00007fa858195000,0x00007fa858948000] _byte_map_base: 0x00007fa854948000

Marking Bits (Prev, Next): (CMBitMap*) 0x00007fa86c08fb30, (CMBitMap*) 0x00007fa86c08fb70
 Prev Bits: [0x00007fa853c4a000, 0x00007fa8579e2000)
 Next Bits: [0x00007fa84feb2000, 0x00007fa853c4a000)

GC Heap History (0 events):
No events

Deoptimization events (0 events):
No events

Classes unloaded (0 events):
No events

Classes redefined (0 events):
No events

Internal exceptions (0 events):
No events

VM Operations (0 events):
No events

Events (3 events):
Event: 0.010 Protecting memory [0x00007fa872100000,0x00007fa872104000] with protection modes 0
Event: 0.014 Loaded shared library /var/lib/snapd/snap/webstorm/281/jbr/lib/libjava.so
Event: 0.024 loading class java/lang/Object


Dynamic libraries:
709a00000-719200000 rw-p 00000000 00:00 0 
719200000-800040000 ---p 00000000 00:00 0 
800040000-800050000 rw-p 00000000 00:00 0 
800050000-840000000 ---p 00000000 00:00 0 
56188a000000-56188a001000 r-xp 00000000 07:08 34                         /var/lib/snapd/snap/webstorm/281/jbr/bin/java
56188a201000-56188a202000 r--p 00001000 07:08 34                         /var/lib/snapd/snap/webstorm/281/jbr/bin/java
56188a202000-56188a203000 rw-p 00002000 07:08 34                         /var/lib/snapd/snap/webstorm/281/jbr/bin/java
56188bf31000-56188bf79000 rw-p 00000000 00:00 0                          [heap]
7fa838000000-7fa838021000 rw-p 00000000 00:00 0 
7fa838021000-7fa83c000000 ---p 00000000 00:00 0 
7fa83c000000-7fa83c021000 rw-p 00000000 00:00 0 
7fa83c021000-7fa840000000 ---p 00000000 00:00 0 
7fa840000000-7fa840021000 rw-p 00000000 00:00 0 
7fa840021000-7fa844000000 ---p 00000000 00:00 0 
7fa844000000-7fa844021000 rw-p 00000000 00:00 0 
7fa844021000-7fa848000000 ---p 00000000 00:00 0 
7fa848000000-7fa848021000 rw-p 00000000 00:00 0 
7fa848021000-7fa84c000000 ---p 00000000 00:00 0 
7fa84c400000-7fa84c407000 r-xp 00000000 07:08 438                        /var/lib/snapd/snap/webstorm/281/jbr/lib/libzip.so
7fa84c407000-7fa84c606000 ---p 00007000 07:08 438                        /var/lib/snapd/snap/webstorm/281/jbr/lib/libzip.so
7fa84c606000-7fa84c607000 r--p 00006000 07:08 438                        /var/lib/snapd/snap/webstorm/281/jbr/lib/libzip.so
7fa84c607000-7fa84c608000 rw-p 00000000 00:00 0 
7fa84c800000-7fa84c810000 rw-p 00000000 00:00 0 
7fa84c810000-7fa84d000000 ---p 00000000 00:00 0 
7fa84d1a0000-7fa84d1a1000 ---p 00000000 00:00 0 
7fa84d1a1000-7fa84d2a2000 rw-p 00000000 00:00 0 
7fa84d2a2000-7fa84d2a3000 ---p 00000000 00:00 0 
7fa84d2a3000-7fa84fbac000 rw-p 00000000 00:00 0 
7fa84fbac000-7fa84fbad000 ---p 00000000 00:00 0 
7fa84fbad000-7fa84fcae000 rw-p 00000000 00:00 0 
7fa84fcae000-7fa84fcaf000 ---p 00000000 00:00 0 
7fa84fcaf000-7fa84fdb0000 rw-p 00000000 00:00 0 
7fa84fdb0000-7fa84fdb1000 ---p 00000000 00:00 0 
7fa84fdb1000-7fa850292000 rw-p 00000000 00:00 0 
7fa850292000-7fa853c4a000 ---p 00000000 00:00 0 
7fa853c4a000-7fa85402a000 rw-p 00000000 00:00 0 
7fa85402a000-7fa8579e2000 ---p 00000000 00:00 0 
7fa8579e2000-7fa857a5e000 rw-p 00000000 00:00 0 
7fa857a5e000-7fa858195000 ---p 00000000 00:00 0 
7fa858195000-7fa858211000 rw-p 00000000 00:00 0 
7fa858211000-7fa858948000 ---p 00000000 00:00 0 
7fa858948000-7fa8589c4000 rw-p 00000000 00:00 0 
7fa8589c4000-7fa8590fb000 ---p 00000000 00:00 0 
7fa8590fb000-7fa859600000 rw-p 00000000 00:00 0 
7fa859600000-7fa859870000 rwxp 00000000 00:00 0 
7fa859870000-7fa859b92000 ---p 00000000 00:00 0 
7fa859b92000-7fa859e02000 rwxp 00000000 00:00 0 
7fa859e02000-7fa8610c9000 ---p 00000000 00:00 0 
7fa8610c9000-7fa861339000 rwxp 00000000 00:00 0 
7fa861339000-7fa868600000 ---p 00000000 00:00 0 
7fa868600000-7fa868623000 r-xp 00000000 07:08 406                        /var/lib/snapd/snap/webstorm/281/jbr/lib/libjava.so
7fa868623000-7fa868823000 ---p 00023000 07:08 406                        /var/lib/snapd/snap/webstorm/281/jbr/lib/libjava.so
7fa868823000-7fa868824000 r--p 00023000 07:08 406                        /var/lib/snapd/snap/webstorm/281/jbr/lib/libjava.so
7fa868824000-7fa868825000 rw-p 00024000 07:08 406                        /var/lib/snapd/snap/webstorm/281/jbr/lib/libjava.so
7fa868825000-7fa868826000 rw-p 00000000 00:00 0 
7fa8688b5000-7fa86c000000 r--s 00000000 07:08 493                        /var/lib/snapd/snap/webstorm/281/jbr/lib/modules
7fa86c000000-7fa86c181000 rw-p 00000000 00:00 0 
7fa86c181000-7fa870000000 ---p 00000000 00:00 0 
7fa87007c000-7fa870400000 rw-p 00000000 00:00 0 
7fa870400000-7fa87041b000 r-xp 00000000 07:08 412                        /var/lib/snapd/snap/webstorm/281/jbr/lib/libjimage.so
7fa87041b000-7fa87061a000 ---p 0001b000 07:08 412                        /var/lib/snapd/snap/webstorm/281/jbr/lib/libjimage.so
7fa87061a000-7fa87061c000 r--p 0001a000 07:08 412                        /var/lib/snapd/snap/webstorm/281/jbr/lib/libjimage.so
7fa87061c000-7fa87061d000 rw-p 0001c000 07:08 412                        /var/lib/snapd/snap/webstorm/281/jbr/lib/libjimage.so
7fa870679000-7fa87071a000 rw-p 00000000 00:00 0 
7fa87071a000-7fa870800000 ---p 00000000 00:00 0 
7fa870800000-7fa871a25000 r-xp 00000000 07:08 504                        /var/lib/snapd/snap/webstorm/281/jbr/lib/server/libjvm.so
7fa871a25000-7fa871c24000 ---p 01225000 07:08 504                        /var/lib/snapd/snap/webstorm/281/jbr/lib/server/libjvm.so
7fa871c24000-7fa871cdd000 r--p 01224000 07:08 504                        /var/lib/snapd/snap/webstorm/281/jbr/lib/server/libjvm.so
7fa871cdd000-7fa871d12000 rw-p 012dd000 07:08 504                        /var/lib/snapd/snap/webstorm/281/jbr/lib/server/libjvm.so
7fa871d12000-7fa871d6c000 rw-p 00000000 00:00 0 
7fa871d80000-7fa871e00000 rw-p 00000000 00:00 0 
7fa871e00000-7fa871e28000 r--p 00000000 00:1f 644331                     /usr/lib64/libc.so.6
7fa871e28000-7fa871f9c000 r-xp 00028000 00:1f 644331                     /usr/lib64/libc.so.6
7fa871f9c000-7fa871ff4000 r--p 0019c000 00:1f 644331                     /usr/lib64/libc.so.6
7fa871ff4000-7fa871ff8000 r--p 001f3000 00:1f 644331                     /usr/lib64/libc.so.6
7fa871ff8000-7fa871ffa000 rw-p 001f7000 00:1f 644331                     /usr/lib64/libc.so.6
7fa871ffa000-7fa872002000 rw-p 00000000 00:00 0 
7fa872015000-7fa87201a000 rw-p 00000000 00:00 0 
7fa87201a000-7fa872100000 ---p 00000000 00:00 0 
7fa872100000-7fa872104000 ---p 00000000 00:00 0 
7fa872104000-7fa872200000 rw-p 00000000 00:00 0 
7fa872200000-7fa87220e000 r-xp 00000000 07:08 413                        /var/lib/snapd/snap/webstorm/281/jbr/lib/libjli.so
7fa87220e000-7fa87240e000 ---p 0000e000 07:08 413                        /var/lib/snapd/snap/webstorm/281/jbr/lib/libjli.so
7fa87240e000-7fa87240f000 r--p 0000e000 07:08 413                        /var/lib/snapd/snap/webstorm/281/jbr/lib/libjli.so
7fa87240f000-7fa872410000 rw-p 0000f000 07:08 413                        /var/lib/snapd/snap/webstorm/281/jbr/lib/libjli.so
7fa87244d000-7fa87245b000 r--p 00000000 00:1f 644334                     /usr/lib64/libm.so.6
7fa87245b000-7fa8724cd000 r-xp 0000e000 00:1f 644334                     /usr/lib64/libm.so.6
7fa8724cd000-7fa872529000 r--p 00080000 00:1f 644334                     /usr/lib64/libm.so.6
7fa872529000-7fa87252a000 r--p 000db000 00:1f 644334                     /usr/lib64/libm.so.6
7fa87252a000-7fa87252b000 rw-p 000dc000 00:1f 644334                     /usr/lib64/libm.so.6
7fa87252b000-7fa87252c000 r--p 00000000 00:1f 644341                     /usr/lib64/librt.so.1
7fa87252c000-7fa87252d000 r-xp 00001000 00:1f 644341                     /usr/lib64/librt.so.1
7fa87252d000-7fa87252e000 r--p 00002000 00:1f 644341                     /usr/lib64/librt.so.1
7fa87252e000-7fa87252f000 r--p 00002000 00:1f 644341                     /usr/lib64/librt.so.1
7fa87252f000-7fa872530000 rw-p 00003000 00:1f 644341                     /usr/lib64/librt.so.1
7fa872530000-7fa872532000 rw-p 00000000 00:00 0 
7fa872532000-7fa872533000 r--p 00000000 00:1f 644333                     /usr/lib64/libdl.so.2
7fa872533000-7fa872534000 r-xp 00001000 00:1f 644333                     /usr/lib64/libdl.so.2
7fa872534000-7fa872535000 r--p 00002000 00:1f 644333                     /usr/lib64/libdl.so.2
7fa872535000-7fa872536000 r--p 00002000 00:1f 644333                     /usr/lib64/libdl.so.2
7fa872536000-7fa872537000 rw-p 00003000 00:1f 644333                     /usr/lib64/libdl.so.2
7fa872537000-7fa872538000 r--p 00000000 00:1f 644339                     /usr/lib64/libpthread.so.0
7fa872538000-7fa872539000 r-xp 00001000 00:1f 644339                     /usr/lib64/libpthread.so.0
7fa872539000-7fa87253a000 r--p 00002000 00:1f 644339                     /usr/lib64/libpthread.so.0
7fa87253a000-7fa87253b000 r--p 00002000 00:1f 644339                     /usr/lib64/libpthread.so.0
7fa87253b000-7fa87253c000 rw-p 00003000 00:1f 644339                     /usr/lib64/libpthread.so.0
7fa87253c000-7fa87253f000 r--p 00000000 00:1f 243850                     /usr/lib64/libz.so.1.2.11
7fa87253f000-7fa87254d000 r-xp 00003000 00:1f 243850                     /usr/lib64/libz.so.1.2.11
7fa87254d000-7fa872553000 r--p 00011000 00:1f 243850                     /usr/lib64/libz.so.1.2.11
7fa872553000-7fa872554000 ---p 00017000 00:1f 243850                     /usr/lib64/libz.so.1.2.11
7fa872554000-7fa872555000 r--p 00017000 00:1f 243850                     /usr/lib64/libz.so.1.2.11
7fa872555000-7fa87255b000 rw-p 00000000 00:00 0 
7fa87255b000-7fa872562000 ---p 00000000 00:00 0 
7fa872562000-7fa87256a000 rw-s 00000000 00:26 3261                       /tmp/hsperfdata_emagrina/72133
7fa87256a000-7fa87256b000 ---p 00000000 00:00 0 
7fa87256b000-7fa87256c000 r--p 00000000 00:00 0 
7fa87256c000-7fa87256e000 rw-p 00000000 00:00 0 
7fa87256e000-7fa872570000 r--p 00000000 00:1f 644328                     /usr/lib64/ld-linux-x86-64.so.2
7fa872570000-7fa872597000 r-xp 00002000 00:1f 644328                     /usr/lib64/ld-linux-x86-64.so.2
7fa872597000-7fa8725a2000 r--p 00029000 00:1f 644328                     /usr/lib64/ld-linux-x86-64.so.2
7fa8725a2000-7fa8725a3000 ---p 00000000 00:00 0 
7fa8725a3000-7fa8725a5000 r--p 00034000 00:1f 644328                     /usr/lib64/ld-linux-x86-64.so.2
7fa8725a5000-7fa8725a7000 rw-p 00036000 00:1f 644328                     /usr/lib64/ld-linux-x86-64.so.2
7fff6a7ac000-7fff6a7cd000 rw-p 00000000 00:00 0                          [stack]
7fff6a7dc000-7fff6a7e0000 r--p 00000000 00:00 0                          [vvar]
7fff6a7e0000-7fff6a7e2000 r-xp 00000000 00:00 0                          [vdso]
ffffffffff600000-ffffffffff601000 --xp 00000000 00:00 0                  [vsyscall]


VM Arguments:
java_command: git4idea.http.GitAskPassApp Username for 'https://github.com': 
java_class_path (initial): /var/lib/snapd/snap/webstorm/281/plugins/git4idea/lib/git4idea-rt.jar:/var/lib/snapd/snap/webstorm/281/lib/externalProcess-rt.jar:/var/lib/snapd/snap/webstorm/281/lib/app.jar:/var/lib/snapd/snap/webstorm/281/lib/3rd-party-rt.jar
Launcher Type: SUN_STANDARD

[Global flags]
     intx CICompilerCount                          = 4                                         {product} {ergonomic}
     uint ConcGCThreads                            = 2                                         {product} {ergonomic}
     uint G1ConcRefinementThreads                  = 8                                         {product} {ergonomic}
   size_t G1HeapRegionSize                         = 2097152                                   {product} {ergonomic}
    uintx GCDrainStackTargetSize                   = 64                                        {product} {ergonomic}
   size_t InitialHeapSize                          = 260046848                                 {product} {ergonomic}
   size_t MarkStackSize                            = 4194304                                   {product} {ergonomic}
   size_t MaxHeapSize                              = 4133486592                                {product} {ergonomic}
   size_t MaxNewSize                               = 2478833664                                {product} {ergonomic}
   size_t MinHeapDeltaBytes                        = 2097152                                   {product} {ergonomic}
   size_t MinHeapSize                              = 8388608                                   {product} {ergonomic}
    uintx NonNMethodCodeHeapSize                   = 5839372                                {pd product} {ergonomic}
    uintx NonProfiledCodeHeapSize                  = 122909434                              {pd product} {ergonomic}
    uintx ProfiledCodeHeapSize                     = 122909434                              {pd product} {ergonomic}
    uintx ReservedCodeCacheSize                    = 251658240                              {pd product} {ergonomic}
     bool SegmentedCodeCache                       = true                                      {product} {ergonomic}
   size_t SoftMaxHeapSize                          = 4133486592                             {manageable} {ergonomic}
     bool UseCompressedClassPointers               = true                           {product lp64_product} {ergonomic}
     bool UseCompressedOops                        = true                           {product lp64_product} {ergonomic}
     bool UseG1GC                                  = true                                      {product} {ergonomic}

Logging:
Log output configuration:
 #0: stdout all=warning uptime,level,tags
 #1: stderr all=off uptime,level,tags

Environment Variables:
PATH=/usr/libexec/git-core:/usr/libexec/git-core:/home/emagrina/.local/bin:/home/emagrina/bin:/usr/local/bin:/usr/local/sbin:/usr/bin:/usr/sbin:/var/lib/snapd/snap/bin:/home/emagrina/.composer/vendor/bin:/home/emagrina/.dotnet/tools
USERNAME=emagrina
SHELL=/bin/bash
DISPLAY=:0
LANG=es_ES.UTF-8
LC_ALL=en_US.UTF-8

Signal Handlers:
   SIGSEGV: crash_handler in libjvm.so, mask=11100100010111111101111111111110, flags=SA_RESTART|SA_SIGINFO
    SIGBUS: crash_handler in libjvm.so, mask=11100100010111111101111111111110, flags=SA_RESTART|SA_SIGINFO
    SIGFPE: crash_handler in libjvm.so, mask=11100100010111111101111111111110, flags=SA_RESTART|SA_SIGINFO
   SIGPIPE: javaSignalHandler in libjvm.so, mask=11100100010111111101111111111110, flags=SA_RESTART|SA_SIGINFO
   SIGXFSZ: javaSignalHandler in libjvm.so, mask=11100100010111111101111111111110, flags=SA_RESTART|SA_SIGINFO
    SIGILL: crash_handler in libjvm.so, mask=11100100010111111101111111111110, flags=SA_RESTART|SA_SIGINFO
   SIGUSR2: SR_handler in libjvm.so, mask=00100000000000000000000000000000, flags=SA_RESTART|SA_SIGINFO
    SIGHUP: SIG_DFL, mask=00000000000000000000000000000000, flags=none
    SIGINT: SIG_DFL, mask=00000000000000000000000000000000, flags=none
   SIGTERM: SIG_DFL, mask=00000000000000000000000000000000, flags=none
   SIGQUIT: javaSignalHandler in libjvm.so, mask=11100100010111111101111111111110, flags=SA_RESTART|SA_SIGINFO
   SIGTRAP: crash_handler in libjvm.so, mask=11100100010111111101111111111110, flags=SA_RESTART|SA_SIGINFO


---------------  S Y S T E M  ---------------

OS:
Fedora release 36 (Thirty Six)
uname: Linux 6.0.5-200.fc36.x86_64 #1 SMP PREEMPT_DYNAMIC Wed Oct 26 15:55:21 UTC 2022 x86_64
OS uptime: 0 days 8:39 hours
libc: glibc 2.35 NPTL 2.35 
rlimit (soft/hard): STACK 8192k/infinity , CORE infinity/infinity , NPROC 62884/62884 , NOFILE 1048576/1048576 , AS infinity/infinity , CPU infinity/infinity , DATA infinity/infinity , FSIZE infinity/infinity , MEMLOCK 8192k/8192k
load average: 1.57 1.46 1.64

/proc/meminfo:
MemTotal:       16144668 kB
MemFree:          772164 kB
MemAvailable:    4706492 kB
Buffers:             968 kB
Cached:          4831936 kB
SwapCached:         7564 kB
Active:          4290264 kB
Inactive:        9582012 kB
Active(anon):    1371388 kB
Inactive(anon):  8436304 kB
Active(file):    2918876 kB
Inactive(file):  1145708 kB
Unevictable:      333124 kB
Mlocked:            5844 kB
SwapTotal:       8388604 kB
SwapFree:        7319036 kB
Zswap:                 0 kB
Zswapped:              0 kB
Dirty:              1644 kB
Writeback:             0 kB
AnonPages:       9366560 kB
Mapped:           985268 kB
Shmem:            934496 kB
KReclaimable:     213268 kB
Slab:             499712 kB
SReclaimable:     213268 kB
SUnreclaim:       286444 kB
KernelStack:       32292 kB
PageTables:       123968 kB
NFS_Unstable:          0 kB
Bounce:                0 kB
WritebackTmp:          0 kB
CommitLimit:    16460936 kB
Committed_AS:   24371976 kB
VmallocTotal:   34359738367 kB
VmallocUsed:      141232 kB
VmallocChunk:          0 kB
Percpu:            11072 kB
HardwareCorrupted:     0 kB
AnonHugePages:         0 kB
ShmemHugePages:        0 kB
ShmemPmdMapped:        0 kB
FileHugePages:         0 kB
FilePmdMapped:         0 kB
CmaTotal:              0 kB
CmaFree:               0 kB
HugePages_Total:       0
HugePages_Free:        0
HugePages_Rsvd:        0
HugePages_Surp:        0
Hugepagesize:       2048 kB
Hugetlb:               0 kB
DirectMap4k:      317620 kB
DirectMap2M:     7837696 kB
DirectMap1G:     9437184 kB

/sys/kernel/mm/transparent_hugepage/enabled: always [madvise] never
/sys/kernel/mm/transparent_hugepage/defrag (defrag/compaction efforts parameter): always defer defer+madvise [madvise] never

Process Memory:
Virtual Size: 6036152K (peak: 6036152K)
Resident Set Size: 20680K (peak: 20680K) (anon: 8616K, file: 12032K, shmem: 32K)
Swapped out: 0K
C-Heap outstanding allocations: 23385K, retained: 774K
glibc malloc tunables: (default)

/proc/sys/kernel/threads-max (system-wide limit on the number of threads): 125769
/proc/sys/vm/max_map_count (maximum number of memory map areas a process may have): 65530
/proc/sys/kernel/pid_max (system-wide limit on number of process identifiers): 4194304

container (cgroup) information:
container_type: cgroupv2
cpu_cpuset_cpus: not supported
cpu_memory_nodes: not supported
active_processor_count: 8
cpu_quota: no quota
cpu_period: 100000
cpu_shares: 8192
memory_limit_in_bytes: unlimited
memory_and_swap_limit_in_bytes: unlimited
memory_soft_limit_in_bytes: unlimited
memory_usage_in_bytes: 5410752 k
memory_max_usage_in_bytes: not supported
maximum number of tasks: 18865
current number of tasks: 372

Steal ticks since vm start: 0
Steal ticks percentage since vm start:  0.000

CPU: total 8 (initial active 8) (4 cores per cpu, 2 threads per core) family 6 model 165 stepping 2 microcode 0xf0, cx8, cmov, fxsr, ht, mmx, 3dnowpref, sse, sse2, sse3, ssse3, sse4.1, sse4.2, popcnt, lzcnt, tsc, tscinvbit, avx, avx2, aes, erms, clmul, bmi1, bmi2, adx, fma, vzeroupper, clflush, clflushopt
CPU Model and flags from /proc/cpuinfo:
model name	: Intel(R) Core(TM) i5-10300H CPU @ 2.50GHz
flags		: fpu vme de pse tsc msr pae mce cx8 apic sep mtrr pge mca cmov pat pse36 clflush dts acpi mmx fxsr sse sse2 ss ht tm pbe syscall nx pdpe1gb rdtscp lm constant_tsc art arch_perfmon pebs bts rep_good nopl xtopology nonstop_tsc cpuid aperfmperf pni pclmulqdq dtes64 monitor ds_cpl vmx est tm2 ssse3 sdbg fma cx16 xtpr pdcm pcid sse4_1 sse4_2 x2apic movbe popcnt tsc_deadline_timer aes xsave avx f16c rdrand lahf_lm abm 3dnowprefetch cpuid_fault epb invpcid_single ssbd ibrs ibpb stibp ibrs_enhanced tpr_shadow vnmi flexpriority ept vpid ept_ad fsgsbase tsc_adjust bmi1 avx2 smep bmi2 erms invpcid mpx rdseed adx smap clflushopt intel_pt xsaveopt xsavec xgetbv1 xsaves dtherm ida arat pln pts hwp hwp_notify hwp_act_window hwp_epp pku ospke md_clear flush_l1d arch_capabilities

Online cpus: 0-7
Offline cpus: 
BIOS frequency limitation: <Not Available>
Frequency switch latency (ns): 0
Available cpu frequencies: <Not Available>
Current governor: powersave
Core performance/turbo boost: <Not Available>

Memory: 4k page, physical 16144668k(772164k free), swap 8388604k(7319036k free)
Page Sizes: 4k

vm_info: OpenJDK 64-Bit Server VM (17.0.4.1+7-b469.62) for linux-amd64 JRE (17.0.4.1+7-b469.62), built on 2022-09-22 by "builduser" with gcc 8.3.1 20190311 (Red Hat 8.3.1-3)

END.
